<?xml version="1.0" encoding="UTF-8"?>
<testsuite name="de.aittr.lms.restAssuredTests.GetVideosRATests" tests="104" skipped="0" failures="40" errors="0" timestamp="2023-12-10T20:09:04" hostname="LAPTOP-LILIIA" time="18.774">
  <properties/>
  <testcase name="getVideosAsTeacherWithCSVDataPositiveTest[0](37.1, basic_programming, 10)" classname="de.aittr.lms.restAssuredTests.GetVideosRATests" time="2.208"/>
  <testcase name="getVideosAsTeacherWithCSVDataPositiveTest[1](37.1, basic_programming, 11)" classname="de.aittr.lms.restAssuredTests.GetVideosRATests" time="0.3"/>
  <testcase name="getVideosAsTeacherWithCSVDataPositiveTest[2](37.1, basic_programming, 12)" classname="de.aittr.lms.restAssuredTests.GetVideosRATests" time="0.192"/>
  <testcase name="getVideosAsTeacherWithCSVDataPositiveTest[3](37.1, basic_programming, 13)" classname="de.aittr.lms.restAssuredTests.GetVideosRATests" time="0.172"/>
  <testcase name="getVideosAsTeacherWithCSVDataPositiveTest[4](37.1, linux_git, 1)" classname="de.aittr.lms.restAssuredTests.GetVideosRATests" time="0.207">
    <failure message="java.lang.AssertionError: expected [true] but found [false]" type="java.lang.AssertionError">java.lang.AssertionError: expected [true] but found [false]
	at org.testng.Assert.fail(Assert.java:111)
	at org.testng.Assert.failNotEquals(Assert.java:1578)
	at org.testng.Assert.assertTrue(Assert.java:57)
	at org.testng.Assert.assertTrue(Assert.java:67)
	at de.aittr.lms.restAssuredTests.GetVideosRATests.getVideosAsTeacherWithCSVDataPositiveTest(GetVideosRATests.java:177)
	at java.base/jdk.internal.reflect.NativeMethodAccessorImpl.invoke0(Native Method)
	at java.base/jdk.internal.reflect.NativeMethodAccessorImpl.invoke(NativeMethodAccessorImpl.java:77)
	at java.base/jdk.internal.reflect.DelegatingMethodAccessorImpl.invoke(DelegatingMethodAccessorImpl.java:43)
	at java.base/java.lang.reflect.Method.invoke(Method.java:568)
	at org.testng.internal.invokers.MethodInvocationHelper.invokeMethod(MethodInvocationHelper.java:139)
	at org.testng.internal.invokers.TestInvoker.invokeMethod(TestInvoker.java:664)
	at org.testng.internal.invokers.TestInvoker.invokeTestMethod(TestInvoker.java:227)
	at org.testng.internal.invokers.MethodRunner.runInSequence(MethodRunner.java:50)
	at org.testng.internal.invokers.TestInvoker$MethodInvocationAgent.invoke(TestInvoker.java:957)
	at org.testng.internal.invokers.TestInvoker.invokeTestMethods(TestInvoker.java:200)
	at org.testng.internal.invokers.TestMethodWorker.invokeTestMethods(TestMethodWorker.java:148)
	at org.testng.internal.invokers.TestMethodWorker.run(TestMethodWorker.java:128)
	at java.base/java.util.ArrayList.forEach(ArrayList.java:1511)
	at org.testng.TestRunner.privateRun(TestRunner.java:848)
	at org.testng.TestRunner.run(TestRunner.java:621)
	at org.testng.SuiteRunner.runTest(SuiteRunner.java:443)
	at org.testng.SuiteRunner.runSequentially(SuiteRunner.java:437)
	at org.testng.SuiteRunner.privateRun(SuiteRunner.java:397)
	at org.testng.SuiteRunner.run(SuiteRunner.java:336)
	at org.testng.SuiteRunnerWorker.runSuite(SuiteRunnerWorker.java:52)
	at org.testng.SuiteRunnerWorker.run(SuiteRunnerWorker.java:95)
	at org.testng.TestNG.runSuitesSequentially(TestNG.java:1280)
	at org.testng.TestNG.runSuitesLocally(TestNG.java:1200)
	at org.testng.TestNG.runSuites(TestNG.java:1114)
	at org.testng.TestNG.run(TestNG.java:1082)
	at org.gradle.api.internal.tasks.testing.testng.TestNGTestClassProcessor.runTests(TestNGTestClassProcessor.java:146)
	at org.gradle.api.internal.tasks.testing.testng.TestNGTestClassProcessor.stop(TestNGTestClassProcessor.java:91)
	at org.gradle.api.internal.tasks.testing.SuiteTestClassProcessor.stop(SuiteTestClassProcessor.java:61)
	at java.base/jdk.internal.reflect.NativeMethodAccessorImpl.invoke0(Native Method)
	at java.base/jdk.internal.reflect.NativeMethodAccessorImpl.invoke(NativeMethodAccessorImpl.java:77)
	at java.base/jdk.internal.reflect.DelegatingMethodAccessorImpl.invoke(DelegatingMethodAccessorImpl.java:43)
	at java.base/java.lang.reflect.Method.invoke(Method.java:568)
	at org.gradle.internal.dispatch.ReflectionDispatch.dispatch(ReflectionDispatch.java:36)
	at org.gradle.internal.dispatch.ReflectionDispatch.dispatch(ReflectionDispatch.java:24)
	at org.gradle.internal.dispatch.ContextClassLoaderDispatch.dispatch(ContextClassLoaderDispatch.java:33)
	at org.gradle.internal.dispatch.ProxyDispatchAdapter$DispatchingInvocationHandler.invoke(ProxyDispatchAdapter.java:94)
	at jdk.proxy1/jdk.proxy1.$Proxy2.stop(Unknown Source)
	at org.gradle.api.internal.tasks.testing.worker.TestWorker$3.run(TestWorker.java:193)
	at org.gradle.api.internal.tasks.testing.worker.TestWorker.executeAndMaintainThreadName(TestWorker.java:129)
	at org.gradle.api.internal.tasks.testing.worker.TestWorker.execute(TestWorker.java:100)
	at org.gradle.api.internal.tasks.testing.worker.TestWorker.execute(TestWorker.java:60)
	at org.gradle.process.internal.worker.child.ActionExecutionWorker.execute(ActionExecutionWorker.java:56)
	at org.gradle.process.internal.worker.child.SystemApplicationClassLoaderWorker.call(SystemApplicationClassLoaderWorker.java:133)
	at org.gradle.process.internal.worker.child.SystemApplicationClassLoaderWorker.call(SystemApplicationClassLoaderWorker.java:71)
	at worker.org.gradle.process.internal.worker.GradleWorkerMain.run(GradleWorkerMain.java:69)
	at worker.org.gradle.process.internal.worker.GradleWorkerMain.main(GradleWorkerMain.java:74)
</failure>
  </testcase>
  <testcase name="getVideosAsTeacherWithCSVDataPositiveTest[5](37.1, linux_git, 2)" classname="de.aittr.lms.restAssuredTests.GetVideosRATests" time="0.176">
    <failure message="java.lang.AssertionError: expected [true] but found [false]" type="java.lang.AssertionError">java.lang.AssertionError: expected [true] but found [false]
	at org.testng.Assert.fail(Assert.java:111)
	at org.testng.Assert.failNotEquals(Assert.java:1578)
	at org.testng.Assert.assertTrue(Assert.java:57)
	at org.testng.Assert.assertTrue(Assert.java:67)
	at de.aittr.lms.restAssuredTests.GetVideosRATests.getVideosAsTeacherWithCSVDataPositiveTest(GetVideosRATests.java:177)
	at java.base/jdk.internal.reflect.NativeMethodAccessorImpl.invoke0(Native Method)
	at java.base/jdk.internal.reflect.NativeMethodAccessorImpl.invoke(NativeMethodAccessorImpl.java:77)
	at java.base/jdk.internal.reflect.DelegatingMethodAccessorImpl.invoke(DelegatingMethodAccessorImpl.java:43)
	at java.base/java.lang.reflect.Method.invoke(Method.java:568)
	at org.testng.internal.invokers.MethodInvocationHelper.invokeMethod(MethodInvocationHelper.java:139)
	at org.testng.internal.invokers.TestInvoker.invokeMethod(TestInvoker.java:664)
	at org.testng.internal.invokers.TestInvoker.invokeTestMethod(TestInvoker.java:227)
	at org.testng.internal.invokers.MethodRunner.runInSequence(MethodRunner.java:50)
	at org.testng.internal.invokers.TestInvoker$MethodInvocationAgent.invoke(TestInvoker.java:957)
	at org.testng.internal.invokers.TestInvoker.invokeTestMethods(TestInvoker.java:200)
	at org.testng.internal.invokers.TestMethodWorker.invokeTestMethods(TestMethodWorker.java:148)
	at org.testng.internal.invokers.TestMethodWorker.run(TestMethodWorker.java:128)
	at java.base/java.util.ArrayList.forEach(ArrayList.java:1511)
	at org.testng.TestRunner.privateRun(TestRunner.java:848)
	at org.testng.TestRunner.run(TestRunner.java:621)
	at org.testng.SuiteRunner.runTest(SuiteRunner.java:443)
	at org.testng.SuiteRunner.runSequentially(SuiteRunner.java:437)
	at org.testng.SuiteRunner.privateRun(SuiteRunner.java:397)
	at org.testng.SuiteRunner.run(SuiteRunner.java:336)
	at org.testng.SuiteRunnerWorker.runSuite(SuiteRunnerWorker.java:52)
	at org.testng.SuiteRunnerWorker.run(SuiteRunnerWorker.java:95)
	at org.testng.TestNG.runSuitesSequentially(TestNG.java:1280)
	at org.testng.TestNG.runSuitesLocally(TestNG.java:1200)
	at org.testng.TestNG.runSuites(TestNG.java:1114)
	at org.testng.TestNG.run(TestNG.java:1082)
	at org.gradle.api.internal.tasks.testing.testng.TestNGTestClassProcessor.runTests(TestNGTestClassProcessor.java:146)
	at org.gradle.api.internal.tasks.testing.testng.TestNGTestClassProcessor.stop(TestNGTestClassProcessor.java:91)
	at org.gradle.api.internal.tasks.testing.SuiteTestClassProcessor.stop(SuiteTestClassProcessor.java:61)
	at java.base/jdk.internal.reflect.NativeMethodAccessorImpl.invoke0(Native Method)
	at java.base/jdk.internal.reflect.NativeMethodAccessorImpl.invoke(NativeMethodAccessorImpl.java:77)
	at java.base/jdk.internal.reflect.DelegatingMethodAccessorImpl.invoke(DelegatingMethodAccessorImpl.java:43)
	at java.base/java.lang.reflect.Method.invoke(Method.java:568)
	at org.gradle.internal.dispatch.ReflectionDispatch.dispatch(ReflectionDispatch.java:36)
	at org.gradle.internal.dispatch.ReflectionDispatch.dispatch(ReflectionDispatch.java:24)
	at org.gradle.internal.dispatch.ContextClassLoaderDispatch.dispatch(ContextClassLoaderDispatch.java:33)
	at org.gradle.internal.dispatch.ProxyDispatchAdapter$DispatchingInvocationHandler.invoke(ProxyDispatchAdapter.java:94)
	at jdk.proxy1/jdk.proxy1.$Proxy2.stop(Unknown Source)
	at org.gradle.api.internal.tasks.testing.worker.TestWorker$3.run(TestWorker.java:193)
	at org.gradle.api.internal.tasks.testing.worker.TestWorker.executeAndMaintainThreadName(TestWorker.java:129)
	at org.gradle.api.internal.tasks.testing.worker.TestWorker.execute(TestWorker.java:100)
	at org.gradle.api.internal.tasks.testing.worker.TestWorker.execute(TestWorker.java:60)
	at org.gradle.process.internal.worker.child.ActionExecutionWorker.execute(ActionExecutionWorker.java:56)
	at org.gradle.process.internal.worker.child.SystemApplicationClassLoaderWorker.call(SystemApplicationClassLoaderWorker.java:133)
	at org.gradle.process.internal.worker.child.SystemApplicationClassLoaderWorker.call(SystemApplicationClassLoaderWorker.java:71)
	at worker.org.gradle.process.internal.worker.GradleWorkerMain.run(GradleWorkerMain.java:69)
	at worker.org.gradle.process.internal.worker.GradleWorkerMain.main(GradleWorkerMain.java:74)
</failure>
  </testcase>
  <testcase name="getVideosAsTeacherWithCSVDataPositiveTest[6](34.2, basic_programming, 21)" classname="de.aittr.lms.restAssuredTests.GetVideosRATests" time="0.148"/>
  <testcase name="getVideosAsTeacherWithCSVDataPositiveTest[7](34.2, basic_programming, 22)" classname="de.aittr.lms.restAssuredTests.GetVideosRATests" time="0.169"/>
  <testcase name="getVideosAsTeacherWithCSVDataPositiveTest[8](34.2, basic_programming, 23)" classname="de.aittr.lms.restAssuredTests.GetVideosRATests" time="0.287"/>
  <testcase name="getVideosAsTeacherWithCSVDataPositiveTest[9](34.2, basic_programming, 24)" classname="de.aittr.lms.restAssuredTests.GetVideosRATests" time="0.216"/>
  <testcase name="getVideosAsTeacherWithCSVDataPositiveTest[10](34.2, basic_programming, 25)" classname="de.aittr.lms.restAssuredTests.GetVideosRATests" time="0.158"/>
  <testcase name="getVideosAsTeacherWithCSVDataPositiveTest[11](34.2, basic_programming, 26)" classname="de.aittr.lms.restAssuredTests.GetVideosRATests" time="0.143"/>
  <testcase name="getVideosAsTeacherWithCSVDataPositiveTest[12](34.2, basic_programming, 27)" classname="de.aittr.lms.restAssuredTests.GetVideosRATests" time="0.14"/>
  <testcase name="getVideosAsTeacherWithCSVDataPositiveTest[13](34.2, basic_programming, 28)" classname="de.aittr.lms.restAssuredTests.GetVideosRATests" time="0.15"/>
  <testcase name="getVideosAsTeacherWithCSVDataPositiveTest[14](34.2, basic_programming, 29)" classname="de.aittr.lms.restAssuredTests.GetVideosRATests" time="0.151"/>
  <testcase name="getVideosAsTeacherWithCSVDataPositiveTest[15](34.2, basic_programming, 30)" classname="de.aittr.lms.restAssuredTests.GetVideosRATests" time="0.163"/>
  <testcase name="getVideosAsTeacherWithCSVDataPositiveTest[16](34.2, basic_programming, 31)" classname="de.aittr.lms.restAssuredTests.GetVideosRATests" time="0.138"/>
  <testcase name="getVideosAsTeacherWithCSVDataPositiveTest[17](34.2, basic_programming, 32)" classname="de.aittr.lms.restAssuredTests.GetVideosRATests" time="0.177"/>
  <testcase name="getVideosAsTeacherWithCSVDataPositiveTest[18](34.2, basic_programming, 33)" classname="de.aittr.lms.restAssuredTests.GetVideosRATests" time="0.138"/>
  <testcase name="getVideosAsTeacherWithCSVDataPositiveTest[19](34.2, basic_programming, 34)" classname="de.aittr.lms.restAssuredTests.GetVideosRATests" time="0.162"/>
  <testcase name="getVideosAsTeacherWithCSVDataPositiveTest[20](34.2, basic_programming, 35)" classname="de.aittr.lms.restAssuredTests.GetVideosRATests" time="0.133"/>
  <testcase name="getVideosAsTeacherWithCSVDataPositiveTest[21](34.2, basic_programming, 36)" classname="de.aittr.lms.restAssuredTests.GetVideosRATests" time="0.17"/>
  <testcase name="getVideosAsTeacherWithCSVDataPositiveTest[22](34.2, basic_programming, 37)" classname="de.aittr.lms.restAssuredTests.GetVideosRATests" time="0.135"/>
  <testcase name="getVideosAsTeacherWithCSVDataPositiveTest[23](34.2, basic_programming, 38)" classname="de.aittr.lms.restAssuredTests.GetVideosRATests" time="0.143"/>
  <testcase name="getVideosAsTeacherWithCSVDataPositiveTest[24](34.2, basic_programming, 39)" classname="de.aittr.lms.restAssuredTests.GetVideosRATests" time="0.151"/>
  <testcase name="getVideosAsTeacherWithCSVDataPositiveTest[25](34.2, basic_programming, 40)" classname="de.aittr.lms.restAssuredTests.GetVideosRATests" time="0.16"/>
  <testcase name="getVideosAsTeacherWithCSVDataPositiveTest[26](34.2, basic_programming, 50)" classname="de.aittr.lms.restAssuredTests.GetVideosRATests" time="0.158"/>
  <testcase name="getVideosAsTeacherWithCSVDataPositiveTest[27](34.2, basic_programming, 51)" classname="de.aittr.lms.restAssuredTests.GetVideosRATests" time="0.141"/>
  <testcase name="getVideosAsTeacherWithCSVDataPositiveTest[28](34.2, basic_programming, 52)" classname="de.aittr.lms.restAssuredTests.GetVideosRATests" time="0.17"/>
  <testcase name="getVideosAsTeacherWithCSVDataPositiveTest[29](34.2, basic_programming, 53)" classname="de.aittr.lms.restAssuredTests.GetVideosRATests" time="0.132"/>
  <testcase name="getVideosAsTeacherWithCSVDataPositiveTest[30](34.2, basic_programming, 54)" classname="de.aittr.lms.restAssuredTests.GetVideosRATests" time="0.143"/>
  <testcase name="getVideosAsTeacherWithCSVDataPositiveTest[31](34.2, linux_git, 3)" classname="de.aittr.lms.restAssuredTests.GetVideosRATests" time="0.151">
    <failure message="java.lang.AssertionError: expected [true] but found [false]" type="java.lang.AssertionError">java.lang.AssertionError: expected [true] but found [false]
	at org.testng.Assert.fail(Assert.java:111)
	at org.testng.Assert.failNotEquals(Assert.java:1578)
	at org.testng.Assert.assertTrue(Assert.java:57)
	at org.testng.Assert.assertTrue(Assert.java:67)
	at de.aittr.lms.restAssuredTests.GetVideosRATests.getVideosAsTeacherWithCSVDataPositiveTest(GetVideosRATests.java:177)
	at jdk.internal.reflect.GeneratedMethodAccessor119.invoke(Unknown Source)
	at java.base/jdk.internal.reflect.DelegatingMethodAccessorImpl.invoke(DelegatingMethodAccessorImpl.java:43)
	at java.base/java.lang.reflect.Method.invoke(Method.java:568)
	at org.testng.internal.invokers.MethodInvocationHelper.invokeMethod(MethodInvocationHelper.java:139)
	at org.testng.internal.invokers.TestInvoker.invokeMethod(TestInvoker.java:664)
	at org.testng.internal.invokers.TestInvoker.invokeTestMethod(TestInvoker.java:227)
	at org.testng.internal.invokers.MethodRunner.runInSequence(MethodRunner.java:50)
	at org.testng.internal.invokers.TestInvoker$MethodInvocationAgent.invoke(TestInvoker.java:957)
	at org.testng.internal.invokers.TestInvoker.invokeTestMethods(TestInvoker.java:200)
	at org.testng.internal.invokers.TestMethodWorker.invokeTestMethods(TestMethodWorker.java:148)
	at org.testng.internal.invokers.TestMethodWorker.run(TestMethodWorker.java:128)
	at java.base/java.util.ArrayList.forEach(ArrayList.java:1511)
	at org.testng.TestRunner.privateRun(TestRunner.java:848)
	at org.testng.TestRunner.run(TestRunner.java:621)
	at org.testng.SuiteRunner.runTest(SuiteRunner.java:443)
	at org.testng.SuiteRunner.runSequentially(SuiteRunner.java:437)
	at org.testng.SuiteRunner.privateRun(SuiteRunner.java:397)
	at org.testng.SuiteRunner.run(SuiteRunner.java:336)
	at org.testng.SuiteRunnerWorker.runSuite(SuiteRunnerWorker.java:52)
	at org.testng.SuiteRunnerWorker.run(SuiteRunnerWorker.java:95)
	at org.testng.TestNG.runSuitesSequentially(TestNG.java:1280)
	at org.testng.TestNG.runSuitesLocally(TestNG.java:1200)
	at org.testng.TestNG.runSuites(TestNG.java:1114)
	at org.testng.TestNG.run(TestNG.java:1082)
	at org.gradle.api.internal.tasks.testing.testng.TestNGTestClassProcessor.runTests(TestNGTestClassProcessor.java:146)
	at org.gradle.api.internal.tasks.testing.testng.TestNGTestClassProcessor.stop(TestNGTestClassProcessor.java:91)
	at org.gradle.api.internal.tasks.testing.SuiteTestClassProcessor.stop(SuiteTestClassProcessor.java:61)
	at java.base/jdk.internal.reflect.NativeMethodAccessorImpl.invoke0(Native Method)
	at java.base/jdk.internal.reflect.NativeMethodAccessorImpl.invoke(NativeMethodAccessorImpl.java:77)
	at java.base/jdk.internal.reflect.DelegatingMethodAccessorImpl.invoke(DelegatingMethodAccessorImpl.java:43)
	at java.base/java.lang.reflect.Method.invoke(Method.java:568)
	at org.gradle.internal.dispatch.ReflectionDispatch.dispatch(ReflectionDispatch.java:36)
	at org.gradle.internal.dispatch.ReflectionDispatch.dispatch(ReflectionDispatch.java:24)
	at org.gradle.internal.dispatch.ContextClassLoaderDispatch.dispatch(ContextClassLoaderDispatch.java:33)
	at org.gradle.internal.dispatch.ProxyDispatchAdapter$DispatchingInvocationHandler.invoke(ProxyDispatchAdapter.java:94)
	at jdk.proxy1/jdk.proxy1.$Proxy2.stop(Unknown Source)
	at org.gradle.api.internal.tasks.testing.worker.TestWorker$3.run(TestWorker.java:193)
	at org.gradle.api.internal.tasks.testing.worker.TestWorker.executeAndMaintainThreadName(TestWorker.java:129)
	at org.gradle.api.internal.tasks.testing.worker.TestWorker.execute(TestWorker.java:100)
	at org.gradle.api.internal.tasks.testing.worker.TestWorker.execute(TestWorker.java:60)
	at org.gradle.process.internal.worker.child.ActionExecutionWorker.execute(ActionExecutionWorker.java:56)
	at org.gradle.process.internal.worker.child.SystemApplicationClassLoaderWorker.call(SystemApplicationClassLoaderWorker.java:133)
	at org.gradle.process.internal.worker.child.SystemApplicationClassLoaderWorker.call(SystemApplicationClassLoaderWorker.java:71)
	at worker.org.gradle.process.internal.worker.GradleWorkerMain.run(GradleWorkerMain.java:69)
	at worker.org.gradle.process.internal.worker.GradleWorkerMain.main(GradleWorkerMain.java:74)
</failure>
  </testcase>
  <testcase name="getVideosAsTeacherWithCSVDataPositiveTest[32](37.2, basic_programming, 10)" classname="de.aittr.lms.restAssuredTests.GetVideosRATests" time="0.151"/>
  <testcase name="getVideosAsTeacherWithCSVDataPositiveTest[33](37.2, basic_programming, 11)" classname="de.aittr.lms.restAssuredTests.GetVideosRATests" time="0.183"/>
  <testcase name="getVideosAsTeacherWithCSVDataPositiveTest[34](37.2, basic_programming, 12)" classname="de.aittr.lms.restAssuredTests.GetVideosRATests" time="0.179"/>
  <testcase name="getVideosAsTeacherWithCSVDataPositiveTest[35](37.2, basic_programming, 14)" classname="de.aittr.lms.restAssuredTests.GetVideosRATests" time="0.144"/>
  <testcase name="getVideosAsTeacherWithCSVDataPositiveTest[36](37.2, basic_programming, 15)" classname="de.aittr.lms.restAssuredTests.GetVideosRATests" time="0.141"/>
  <testcase name="getVideosAsTeacherWithCSVDataPositiveTest[37](38, basic_programming, 7)" classname="de.aittr.lms.restAssuredTests.GetVideosRATests" time="0.273">
    <failure message="java.lang.AssertionError: expected [true] but found [false]" type="java.lang.AssertionError">java.lang.AssertionError: expected [true] but found [false]
	at org.testng.Assert.fail(Assert.java:111)
	at org.testng.Assert.failNotEquals(Assert.java:1578)
	at org.testng.Assert.assertTrue(Assert.java:57)
	at org.testng.Assert.assertTrue(Assert.java:67)
	at de.aittr.lms.restAssuredTests.GetVideosRATests.getVideosAsTeacherWithCSVDataPositiveTest(GetVideosRATests.java:177)
	at jdk.internal.reflect.GeneratedMethodAccessor119.invoke(Unknown Source)
	at java.base/jdk.internal.reflect.DelegatingMethodAccessorImpl.invoke(DelegatingMethodAccessorImpl.java:43)
	at java.base/java.lang.reflect.Method.invoke(Method.java:568)
	at org.testng.internal.invokers.MethodInvocationHelper.invokeMethod(MethodInvocationHelper.java:139)
	at org.testng.internal.invokers.TestInvoker.invokeMethod(TestInvoker.java:664)
	at org.testng.internal.invokers.TestInvoker.invokeTestMethod(TestInvoker.java:227)
	at org.testng.internal.invokers.MethodRunner.runInSequence(MethodRunner.java:50)
	at org.testng.internal.invokers.TestInvoker$MethodInvocationAgent.invoke(TestInvoker.java:957)
	at org.testng.internal.invokers.TestInvoker.invokeTestMethods(TestInvoker.java:200)
	at org.testng.internal.invokers.TestMethodWorker.invokeTestMethods(TestMethodWorker.java:148)
	at org.testng.internal.invokers.TestMethodWorker.run(TestMethodWorker.java:128)
	at java.base/java.util.ArrayList.forEach(ArrayList.java:1511)
	at org.testng.TestRunner.privateRun(TestRunner.java:848)
	at org.testng.TestRunner.run(TestRunner.java:621)
	at org.testng.SuiteRunner.runTest(SuiteRunner.java:443)
	at org.testng.SuiteRunner.runSequentially(SuiteRunner.java:437)
	at org.testng.SuiteRunner.privateRun(SuiteRunner.java:397)
	at org.testng.SuiteRunner.run(SuiteRunner.java:336)
	at org.testng.SuiteRunnerWorker.runSuite(SuiteRunnerWorker.java:52)
	at org.testng.SuiteRunnerWorker.run(SuiteRunnerWorker.java:95)
	at org.testng.TestNG.runSuitesSequentially(TestNG.java:1280)
	at org.testng.TestNG.runSuitesLocally(TestNG.java:1200)
	at org.testng.TestNG.runSuites(TestNG.java:1114)
	at org.testng.TestNG.run(TestNG.java:1082)
	at org.gradle.api.internal.tasks.testing.testng.TestNGTestClassProcessor.runTests(TestNGTestClassProcessor.java:146)
	at org.gradle.api.internal.tasks.testing.testng.TestNGTestClassProcessor.stop(TestNGTestClassProcessor.java:91)
	at org.gradle.api.internal.tasks.testing.SuiteTestClassProcessor.stop(SuiteTestClassProcessor.java:61)
	at java.base/jdk.internal.reflect.NativeMethodAccessorImpl.invoke0(Native Method)
	at java.base/jdk.internal.reflect.NativeMethodAccessorImpl.invoke(NativeMethodAccessorImpl.java:77)
	at java.base/jdk.internal.reflect.DelegatingMethodAccessorImpl.invoke(DelegatingMethodAccessorImpl.java:43)
	at java.base/java.lang.reflect.Method.invoke(Method.java:568)
	at org.gradle.internal.dispatch.ReflectionDispatch.dispatch(ReflectionDispatch.java:36)
	at org.gradle.internal.dispatch.ReflectionDispatch.dispatch(ReflectionDispatch.java:24)
	at org.gradle.internal.dispatch.ContextClassLoaderDispatch.dispatch(ContextClassLoaderDispatch.java:33)
	at org.gradle.internal.dispatch.ProxyDispatchAdapter$DispatchingInvocationHandler.invoke(ProxyDispatchAdapter.java:94)
	at jdk.proxy1/jdk.proxy1.$Proxy2.stop(Unknown Source)
	at org.gradle.api.internal.tasks.testing.worker.TestWorker$3.run(TestWorker.java:193)
	at org.gradle.api.internal.tasks.testing.worker.TestWorker.executeAndMaintainThreadName(TestWorker.java:129)
	at org.gradle.api.internal.tasks.testing.worker.TestWorker.execute(TestWorker.java:100)
	at org.gradle.api.internal.tasks.testing.worker.TestWorker.execute(TestWorker.java:60)
	at org.gradle.process.internal.worker.child.ActionExecutionWorker.execute(ActionExecutionWorker.java:56)
	at org.gradle.process.internal.worker.child.SystemApplicationClassLoaderWorker.call(SystemApplicationClassLoaderWorker.java:133)
	at org.gradle.process.internal.worker.child.SystemApplicationClassLoaderWorker.call(SystemApplicationClassLoaderWorker.java:71)
	at worker.org.gradle.process.internal.worker.GradleWorkerMain.run(GradleWorkerMain.java:69)
	at worker.org.gradle.process.internal.worker.GradleWorkerMain.main(GradleWorkerMain.java:74)
</failure>
  </testcase>
  <testcase name="getVideosAsTeacherWithCSVDataPositiveTest[38](38, basic_programming, 8)" classname="de.aittr.lms.restAssuredTests.GetVideosRATests" time="0.134">
    <failure message="java.lang.AssertionError: expected [true] but found [false]" type="java.lang.AssertionError">java.lang.AssertionError: expected [true] but found [false]
	at org.testng.Assert.fail(Assert.java:111)
	at org.testng.Assert.failNotEquals(Assert.java:1578)
	at org.testng.Assert.assertTrue(Assert.java:57)
	at org.testng.Assert.assertTrue(Assert.java:67)
	at de.aittr.lms.restAssuredTests.GetVideosRATests.getVideosAsTeacherWithCSVDataPositiveTest(GetVideosRATests.java:177)
	at jdk.internal.reflect.GeneratedMethodAccessor119.invoke(Unknown Source)
	at java.base/jdk.internal.reflect.DelegatingMethodAccessorImpl.invoke(DelegatingMethodAccessorImpl.java:43)
	at java.base/java.lang.reflect.Method.invoke(Method.java:568)
	at org.testng.internal.invokers.MethodInvocationHelper.invokeMethod(MethodInvocationHelper.java:139)
	at org.testng.internal.invokers.TestInvoker.invokeMethod(TestInvoker.java:664)
	at org.testng.internal.invokers.TestInvoker.invokeTestMethod(TestInvoker.java:227)
	at org.testng.internal.invokers.MethodRunner.runInSequence(MethodRunner.java:50)
	at org.testng.internal.invokers.TestInvoker$MethodInvocationAgent.invoke(TestInvoker.java:957)
	at org.testng.internal.invokers.TestInvoker.invokeTestMethods(TestInvoker.java:200)
	at org.testng.internal.invokers.TestMethodWorker.invokeTestMethods(TestMethodWorker.java:148)
	at org.testng.internal.invokers.TestMethodWorker.run(TestMethodWorker.java:128)
	at java.base/java.util.ArrayList.forEach(ArrayList.java:1511)
	at org.testng.TestRunner.privateRun(TestRunner.java:848)
	at org.testng.TestRunner.run(TestRunner.java:621)
	at org.testng.SuiteRunner.runTest(SuiteRunner.java:443)
	at org.testng.SuiteRunner.runSequentially(SuiteRunner.java:437)
	at org.testng.SuiteRunner.privateRun(SuiteRunner.java:397)
	at org.testng.SuiteRunner.run(SuiteRunner.java:336)
	at org.testng.SuiteRunnerWorker.runSuite(SuiteRunnerWorker.java:52)
	at org.testng.SuiteRunnerWorker.run(SuiteRunnerWorker.java:95)
	at org.testng.TestNG.runSuitesSequentially(TestNG.java:1280)
	at org.testng.TestNG.runSuitesLocally(TestNG.java:1200)
	at org.testng.TestNG.runSuites(TestNG.java:1114)
	at org.testng.TestNG.run(TestNG.java:1082)
	at org.gradle.api.internal.tasks.testing.testng.TestNGTestClassProcessor.runTests(TestNGTestClassProcessor.java:146)
	at org.gradle.api.internal.tasks.testing.testng.TestNGTestClassProcessor.stop(TestNGTestClassProcessor.java:91)
	at org.gradle.api.internal.tasks.testing.SuiteTestClassProcessor.stop(SuiteTestClassProcessor.java:61)
	at java.base/jdk.internal.reflect.NativeMethodAccessorImpl.invoke0(Native Method)
	at java.base/jdk.internal.reflect.NativeMethodAccessorImpl.invoke(NativeMethodAccessorImpl.java:77)
	at java.base/jdk.internal.reflect.DelegatingMethodAccessorImpl.invoke(DelegatingMethodAccessorImpl.java:43)
	at java.base/java.lang.reflect.Method.invoke(Method.java:568)
	at org.gradle.internal.dispatch.ReflectionDispatch.dispatch(ReflectionDispatch.java:36)
	at org.gradle.internal.dispatch.ReflectionDispatch.dispatch(ReflectionDispatch.java:24)
	at org.gradle.internal.dispatch.ContextClassLoaderDispatch.dispatch(ContextClassLoaderDispatch.java:33)
	at org.gradle.internal.dispatch.ProxyDispatchAdapter$DispatchingInvocationHandler.invoke(ProxyDispatchAdapter.java:94)
	at jdk.proxy1/jdk.proxy1.$Proxy2.stop(Unknown Source)
	at org.gradle.api.internal.tasks.testing.worker.TestWorker$3.run(TestWorker.java:193)
	at org.gradle.api.internal.tasks.testing.worker.TestWorker.executeAndMaintainThreadName(TestWorker.java:129)
	at org.gradle.api.internal.tasks.testing.worker.TestWorker.execute(TestWorker.java:100)
	at org.gradle.api.internal.tasks.testing.worker.TestWorker.execute(TestWorker.java:60)
	at org.gradle.process.internal.worker.child.ActionExecutionWorker.execute(ActionExecutionWorker.java:56)
	at org.gradle.process.internal.worker.child.SystemApplicationClassLoaderWorker.call(SystemApplicationClassLoaderWorker.java:133)
	at org.gradle.process.internal.worker.child.SystemApplicationClassLoaderWorker.call(SystemApplicationClassLoaderWorker.java:71)
	at worker.org.gradle.process.internal.worker.GradleWorkerMain.run(GradleWorkerMain.java:69)
	at worker.org.gradle.process.internal.worker.GradleWorkerMain.main(GradleWorkerMain.java:74)
</failure>
  </testcase>
  <testcase name="getVideosAsTeacherWithCSVDataPositiveTest[39](38, basic_programming, 9)" classname="de.aittr.lms.restAssuredTests.GetVideosRATests" time="0.159">
    <failure message="java.lang.AssertionError: expected [true] but found [false]" type="java.lang.AssertionError">java.lang.AssertionError: expected [true] but found [false]
	at org.testng.Assert.fail(Assert.java:111)
	at org.testng.Assert.failNotEquals(Assert.java:1578)
	at org.testng.Assert.assertTrue(Assert.java:57)
	at org.testng.Assert.assertTrue(Assert.java:67)
	at de.aittr.lms.restAssuredTests.GetVideosRATests.getVideosAsTeacherWithCSVDataPositiveTest(GetVideosRATests.java:177)
	at jdk.internal.reflect.GeneratedMethodAccessor119.invoke(Unknown Source)
	at java.base/jdk.internal.reflect.DelegatingMethodAccessorImpl.invoke(DelegatingMethodAccessorImpl.java:43)
	at java.base/java.lang.reflect.Method.invoke(Method.java:568)
	at org.testng.internal.invokers.MethodInvocationHelper.invokeMethod(MethodInvocationHelper.java:139)
	at org.testng.internal.invokers.TestInvoker.invokeMethod(TestInvoker.java:664)
	at org.testng.internal.invokers.TestInvoker.invokeTestMethod(TestInvoker.java:227)
	at org.testng.internal.invokers.MethodRunner.runInSequence(MethodRunner.java:50)
	at org.testng.internal.invokers.TestInvoker$MethodInvocationAgent.invoke(TestInvoker.java:957)
	at org.testng.internal.invokers.TestInvoker.invokeTestMethods(TestInvoker.java:200)
	at org.testng.internal.invokers.TestMethodWorker.invokeTestMethods(TestMethodWorker.java:148)
	at org.testng.internal.invokers.TestMethodWorker.run(TestMethodWorker.java:128)
	at java.base/java.util.ArrayList.forEach(ArrayList.java:1511)
	at org.testng.TestRunner.privateRun(TestRunner.java:848)
	at org.testng.TestRunner.run(TestRunner.java:621)
	at org.testng.SuiteRunner.runTest(SuiteRunner.java:443)
	at org.testng.SuiteRunner.runSequentially(SuiteRunner.java:437)
	at org.testng.SuiteRunner.privateRun(SuiteRunner.java:397)
	at org.testng.SuiteRunner.run(SuiteRunner.java:336)
	at org.testng.SuiteRunnerWorker.runSuite(SuiteRunnerWorker.java:52)
	at org.testng.SuiteRunnerWorker.run(SuiteRunnerWorker.java:95)
	at org.testng.TestNG.runSuitesSequentially(TestNG.java:1280)
	at org.testng.TestNG.runSuitesLocally(TestNG.java:1200)
	at org.testng.TestNG.runSuites(TestNG.java:1114)
	at org.testng.TestNG.run(TestNG.java:1082)
	at org.gradle.api.internal.tasks.testing.testng.TestNGTestClassProcessor.runTests(TestNGTestClassProcessor.java:146)
	at org.gradle.api.internal.tasks.testing.testng.TestNGTestClassProcessor.stop(TestNGTestClassProcessor.java:91)
	at org.gradle.api.internal.tasks.testing.SuiteTestClassProcessor.stop(SuiteTestClassProcessor.java:61)
	at java.base/jdk.internal.reflect.NativeMethodAccessorImpl.invoke0(Native Method)
	at java.base/jdk.internal.reflect.NativeMethodAccessorImpl.invoke(NativeMethodAccessorImpl.java:77)
	at java.base/jdk.internal.reflect.DelegatingMethodAccessorImpl.invoke(DelegatingMethodAccessorImpl.java:43)
	at java.base/java.lang.reflect.Method.invoke(Method.java:568)
	at org.gradle.internal.dispatch.ReflectionDispatch.dispatch(ReflectionDispatch.java:36)
	at org.gradle.internal.dispatch.ReflectionDispatch.dispatch(ReflectionDispatch.java:24)
	at org.gradle.internal.dispatch.ContextClassLoaderDispatch.dispatch(ContextClassLoaderDispatch.java:33)
	at org.gradle.internal.dispatch.ProxyDispatchAdapter$DispatchingInvocationHandler.invoke(ProxyDispatchAdapter.java:94)
	at jdk.proxy1/jdk.proxy1.$Proxy2.stop(Unknown Source)
	at org.gradle.api.internal.tasks.testing.worker.TestWorker$3.run(TestWorker.java:193)
	at org.gradle.api.internal.tasks.testing.worker.TestWorker.executeAndMaintainThreadName(TestWorker.java:129)
	at org.gradle.api.internal.tasks.testing.worker.TestWorker.execute(TestWorker.java:100)
	at org.gradle.api.internal.tasks.testing.worker.TestWorker.execute(TestWorker.java:60)
	at org.gradle.process.internal.worker.child.ActionExecutionWorker.execute(ActionExecutionWorker.java:56)
	at org.gradle.process.internal.worker.child.SystemApplicationClassLoaderWorker.call(SystemApplicationClassLoaderWorker.java:133)
	at org.gradle.process.internal.worker.child.SystemApplicationClassLoaderWorker.call(SystemApplicationClassLoaderWorker.java:71)
	at worker.org.gradle.process.internal.worker.GradleWorkerMain.run(GradleWorkerMain.java:69)
	at worker.org.gradle.process.internal.worker.GradleWorkerMain.main(GradleWorkerMain.java:74)
</failure>
  </testcase>
  <testcase name="getVideosAsTeacherWithCSVDataPositiveTest[40](38, basic_programming, 10)" classname="de.aittr.lms.restAssuredTests.GetVideosRATests" time="0.151"/>
  <testcase name="getVideosAsTeacherWithCSVDataPositiveTest[41](38, basic_programming, 11)" classname="de.aittr.lms.restAssuredTests.GetVideosRATests" time="0.154"/>
  <testcase name="getVideosAsTeacherWithCSVDataPositiveTest[42](38, basic_programming, 12)" classname="de.aittr.lms.restAssuredTests.GetVideosRATests" time="0.146"/>
  <testcase name="getVideosAsTeacherWithCSVDataPositiveTest[43](38, basic_programming, 13)" classname="de.aittr.lms.restAssuredTests.GetVideosRATests" time="0.153"/>
  <testcase name="getVideosAsTeacherWithCSVDataPositiveTest[44](31.2, front_end, 1)" classname="de.aittr.lms.restAssuredTests.GetVideosRATests" time="0.146">
    <failure message="java.lang.AssertionError: expected [true] but found [false]" type="java.lang.AssertionError">java.lang.AssertionError: expected [true] but found [false]
	at org.testng.Assert.fail(Assert.java:111)
	at org.testng.Assert.failNotEquals(Assert.java:1578)
	at org.testng.Assert.assertTrue(Assert.java:57)
	at org.testng.Assert.assertTrue(Assert.java:67)
	at de.aittr.lms.restAssuredTests.GetVideosRATests.getVideosAsTeacherWithCSVDataPositiveTest(GetVideosRATests.java:177)
	at jdk.internal.reflect.GeneratedMethodAccessor119.invoke(Unknown Source)
	at java.base/jdk.internal.reflect.DelegatingMethodAccessorImpl.invoke(DelegatingMethodAccessorImpl.java:43)
	at java.base/java.lang.reflect.Method.invoke(Method.java:568)
	at org.testng.internal.invokers.MethodInvocationHelper.invokeMethod(MethodInvocationHelper.java:139)
	at org.testng.internal.invokers.TestInvoker.invokeMethod(TestInvoker.java:664)
	at org.testng.internal.invokers.TestInvoker.invokeTestMethod(TestInvoker.java:227)
	at org.testng.internal.invokers.MethodRunner.runInSequence(MethodRunner.java:50)
	at org.testng.internal.invokers.TestInvoker$MethodInvocationAgent.invoke(TestInvoker.java:957)
	at org.testng.internal.invokers.TestInvoker.invokeTestMethods(TestInvoker.java:200)
	at org.testng.internal.invokers.TestMethodWorker.invokeTestMethods(TestMethodWorker.java:148)
	at org.testng.internal.invokers.TestMethodWorker.run(TestMethodWorker.java:128)
	at java.base/java.util.ArrayList.forEach(ArrayList.java:1511)
	at org.testng.TestRunner.privateRun(TestRunner.java:848)
	at org.testng.TestRunner.run(TestRunner.java:621)
	at org.testng.SuiteRunner.runTest(SuiteRunner.java:443)
	at org.testng.SuiteRunner.runSequentially(SuiteRunner.java:437)
	at org.testng.SuiteRunner.privateRun(SuiteRunner.java:397)
	at org.testng.SuiteRunner.run(SuiteRunner.java:336)
	at org.testng.SuiteRunnerWorker.runSuite(SuiteRunnerWorker.java:52)
	at org.testng.SuiteRunnerWorker.run(SuiteRunnerWorker.java:95)
	at org.testng.TestNG.runSuitesSequentially(TestNG.java:1280)
	at org.testng.TestNG.runSuitesLocally(TestNG.java:1200)
	at org.testng.TestNG.runSuites(TestNG.java:1114)
	at org.testng.TestNG.run(TestNG.java:1082)
	at org.gradle.api.internal.tasks.testing.testng.TestNGTestClassProcessor.runTests(TestNGTestClassProcessor.java:146)
	at org.gradle.api.internal.tasks.testing.testng.TestNGTestClassProcessor.stop(TestNGTestClassProcessor.java:91)
	at org.gradle.api.internal.tasks.testing.SuiteTestClassProcessor.stop(SuiteTestClassProcessor.java:61)
	at java.base/jdk.internal.reflect.NativeMethodAccessorImpl.invoke0(Native Method)
	at java.base/jdk.internal.reflect.NativeMethodAccessorImpl.invoke(NativeMethodAccessorImpl.java:77)
	at java.base/jdk.internal.reflect.DelegatingMethodAccessorImpl.invoke(DelegatingMethodAccessorImpl.java:43)
	at java.base/java.lang.reflect.Method.invoke(Method.java:568)
	at org.gradle.internal.dispatch.ReflectionDispatch.dispatch(ReflectionDispatch.java:36)
	at org.gradle.internal.dispatch.ReflectionDispatch.dispatch(ReflectionDispatch.java:24)
	at org.gradle.internal.dispatch.ContextClassLoaderDispatch.dispatch(ContextClassLoaderDispatch.java:33)
	at org.gradle.internal.dispatch.ProxyDispatchAdapter$DispatchingInvocationHandler.invoke(ProxyDispatchAdapter.java:94)
	at jdk.proxy1/jdk.proxy1.$Proxy2.stop(Unknown Source)
	at org.gradle.api.internal.tasks.testing.worker.TestWorker$3.run(TestWorker.java:193)
	at org.gradle.api.internal.tasks.testing.worker.TestWorker.executeAndMaintainThreadName(TestWorker.java:129)
	at org.gradle.api.internal.tasks.testing.worker.TestWorker.execute(TestWorker.java:100)
	at org.gradle.api.internal.tasks.testing.worker.TestWorker.execute(TestWorker.java:60)
	at org.gradle.process.internal.worker.child.ActionExecutionWorker.execute(ActionExecutionWorker.java:56)
	at org.gradle.process.internal.worker.child.SystemApplicationClassLoaderWorker.call(SystemApplicationClassLoaderWorker.java:133)
	at org.gradle.process.internal.worker.child.SystemApplicationClassLoaderWorker.call(SystemApplicationClassLoaderWorker.java:71)
	at worker.org.gradle.process.internal.worker.GradleWorkerMain.run(GradleWorkerMain.java:69)
	at worker.org.gradle.process.internal.worker.GradleWorkerMain.main(GradleWorkerMain.java:74)
</failure>
  </testcase>
  <testcase name="getVideosAsTeacherWithCSVDataPositiveTest[45](31.2, front_end, 2)" classname="de.aittr.lms.restAssuredTests.GetVideosRATests" time="0.154">
    <failure message="java.lang.AssertionError: expected [true] but found [false]" type="java.lang.AssertionError">java.lang.AssertionError: expected [true] but found [false]
	at org.testng.Assert.fail(Assert.java:111)
	at org.testng.Assert.failNotEquals(Assert.java:1578)
	at org.testng.Assert.assertTrue(Assert.java:57)
	at org.testng.Assert.assertTrue(Assert.java:67)
	at de.aittr.lms.restAssuredTests.GetVideosRATests.getVideosAsTeacherWithCSVDataPositiveTest(GetVideosRATests.java:177)
	at jdk.internal.reflect.GeneratedMethodAccessor119.invoke(Unknown Source)
	at java.base/jdk.internal.reflect.DelegatingMethodAccessorImpl.invoke(DelegatingMethodAccessorImpl.java:43)
	at java.base/java.lang.reflect.Method.invoke(Method.java:568)
	at org.testng.internal.invokers.MethodInvocationHelper.invokeMethod(MethodInvocationHelper.java:139)
	at org.testng.internal.invokers.TestInvoker.invokeMethod(TestInvoker.java:664)
	at org.testng.internal.invokers.TestInvoker.invokeTestMethod(TestInvoker.java:227)
	at org.testng.internal.invokers.MethodRunner.runInSequence(MethodRunner.java:50)
	at org.testng.internal.invokers.TestInvoker$MethodInvocationAgent.invoke(TestInvoker.java:957)
	at org.testng.internal.invokers.TestInvoker.invokeTestMethods(TestInvoker.java:200)
	at org.testng.internal.invokers.TestMethodWorker.invokeTestMethods(TestMethodWorker.java:148)
	at org.testng.internal.invokers.TestMethodWorker.run(TestMethodWorker.java:128)
	at java.base/java.util.ArrayList.forEach(ArrayList.java:1511)
	at org.testng.TestRunner.privateRun(TestRunner.java:848)
	at org.testng.TestRunner.run(TestRunner.java:621)
	at org.testng.SuiteRunner.runTest(SuiteRunner.java:443)
	at org.testng.SuiteRunner.runSequentially(SuiteRunner.java:437)
	at org.testng.SuiteRunner.privateRun(SuiteRunner.java:397)
	at org.testng.SuiteRunner.run(SuiteRunner.java:336)
	at org.testng.SuiteRunnerWorker.runSuite(SuiteRunnerWorker.java:52)
	at org.testng.SuiteRunnerWorker.run(SuiteRunnerWorker.java:95)
	at org.testng.TestNG.runSuitesSequentially(TestNG.java:1280)
	at org.testng.TestNG.runSuitesLocally(TestNG.java:1200)
	at org.testng.TestNG.runSuites(TestNG.java:1114)
	at org.testng.TestNG.run(TestNG.java:1082)
	at org.gradle.api.internal.tasks.testing.testng.TestNGTestClassProcessor.runTests(TestNGTestClassProcessor.java:146)
	at org.gradle.api.internal.tasks.testing.testng.TestNGTestClassProcessor.stop(TestNGTestClassProcessor.java:91)
	at org.gradle.api.internal.tasks.testing.SuiteTestClassProcessor.stop(SuiteTestClassProcessor.java:61)
	at java.base/jdk.internal.reflect.NativeMethodAccessorImpl.invoke0(Native Method)
	at java.base/jdk.internal.reflect.NativeMethodAccessorImpl.invoke(NativeMethodAccessorImpl.java:77)
	at java.base/jdk.internal.reflect.DelegatingMethodAccessorImpl.invoke(DelegatingMethodAccessorImpl.java:43)
	at java.base/java.lang.reflect.Method.invoke(Method.java:568)
	at org.gradle.internal.dispatch.ReflectionDispatch.dispatch(ReflectionDispatch.java:36)
	at org.gradle.internal.dispatch.ReflectionDispatch.dispatch(ReflectionDispatch.java:24)
	at org.gradle.internal.dispatch.ContextClassLoaderDispatch.dispatch(ContextClassLoaderDispatch.java:33)
	at org.gradle.internal.dispatch.ProxyDispatchAdapter$DispatchingInvocationHandler.invoke(ProxyDispatchAdapter.java:94)
	at jdk.proxy1/jdk.proxy1.$Proxy2.stop(Unknown Source)
	at org.gradle.api.internal.tasks.testing.worker.TestWorker$3.run(TestWorker.java:193)
	at org.gradle.api.internal.tasks.testing.worker.TestWorker.executeAndMaintainThreadName(TestWorker.java:129)
	at org.gradle.api.internal.tasks.testing.worker.TestWorker.execute(TestWorker.java:100)
	at org.gradle.api.internal.tasks.testing.worker.TestWorker.execute(TestWorker.java:60)
	at org.gradle.process.internal.worker.child.ActionExecutionWorker.execute(ActionExecutionWorker.java:56)
	at org.gradle.process.internal.worker.child.SystemApplicationClassLoaderWorker.call(SystemApplicationClassLoaderWorker.java:133)
	at org.gradle.process.internal.worker.child.SystemApplicationClassLoaderWorker.call(SystemApplicationClassLoaderWorker.java:71)
	at worker.org.gradle.process.internal.worker.GradleWorkerMain.run(GradleWorkerMain.java:69)
	at worker.org.gradle.process.internal.worker.GradleWorkerMain.main(GradleWorkerMain.java:74)
</failure>
  </testcase>
  <testcase name="getVideosAsTeacherWithCSVDataPositiveTest[46](31.2, front_end, 3)" classname="de.aittr.lms.restAssuredTests.GetVideosRATests" time="0.156">
    <failure message="java.lang.AssertionError: expected [true] but found [false]" type="java.lang.AssertionError">java.lang.AssertionError: expected [true] but found [false]
	at org.testng.Assert.fail(Assert.java:111)
	at org.testng.Assert.failNotEquals(Assert.java:1578)
	at org.testng.Assert.assertTrue(Assert.java:57)
	at org.testng.Assert.assertTrue(Assert.java:67)
	at de.aittr.lms.restAssuredTests.GetVideosRATests.getVideosAsTeacherWithCSVDataPositiveTest(GetVideosRATests.java:177)
	at jdk.internal.reflect.GeneratedMethodAccessor119.invoke(Unknown Source)
	at java.base/jdk.internal.reflect.DelegatingMethodAccessorImpl.invoke(DelegatingMethodAccessorImpl.java:43)
	at java.base/java.lang.reflect.Method.invoke(Method.java:568)
	at org.testng.internal.invokers.MethodInvocationHelper.invokeMethod(MethodInvocationHelper.java:139)
	at org.testng.internal.invokers.TestInvoker.invokeMethod(TestInvoker.java:664)
	at org.testng.internal.invokers.TestInvoker.invokeTestMethod(TestInvoker.java:227)
	at org.testng.internal.invokers.MethodRunner.runInSequence(MethodRunner.java:50)
	at org.testng.internal.invokers.TestInvoker$MethodInvocationAgent.invoke(TestInvoker.java:957)
	at org.testng.internal.invokers.TestInvoker.invokeTestMethods(TestInvoker.java:200)
	at org.testng.internal.invokers.TestMethodWorker.invokeTestMethods(TestMethodWorker.java:148)
	at org.testng.internal.invokers.TestMethodWorker.run(TestMethodWorker.java:128)
	at java.base/java.util.ArrayList.forEach(ArrayList.java:1511)
	at org.testng.TestRunner.privateRun(TestRunner.java:848)
	at org.testng.TestRunner.run(TestRunner.java:621)
	at org.testng.SuiteRunner.runTest(SuiteRunner.java:443)
	at org.testng.SuiteRunner.runSequentially(SuiteRunner.java:437)
	at org.testng.SuiteRunner.privateRun(SuiteRunner.java:397)
	at org.testng.SuiteRunner.run(SuiteRunner.java:336)
	at org.testng.SuiteRunnerWorker.runSuite(SuiteRunnerWorker.java:52)
	at org.testng.SuiteRunnerWorker.run(SuiteRunnerWorker.java:95)
	at org.testng.TestNG.runSuitesSequentially(TestNG.java:1280)
	at org.testng.TestNG.runSuitesLocally(TestNG.java:1200)
	at org.testng.TestNG.runSuites(TestNG.java:1114)
	at org.testng.TestNG.run(TestNG.java:1082)
	at org.gradle.api.internal.tasks.testing.testng.TestNGTestClassProcessor.runTests(TestNGTestClassProcessor.java:146)
	at org.gradle.api.internal.tasks.testing.testng.TestNGTestClassProcessor.stop(TestNGTestClassProcessor.java:91)
	at org.gradle.api.internal.tasks.testing.SuiteTestClassProcessor.stop(SuiteTestClassProcessor.java:61)
	at java.base/jdk.internal.reflect.NativeMethodAccessorImpl.invoke0(Native Method)
	at java.base/jdk.internal.reflect.NativeMethodAccessorImpl.invoke(NativeMethodAccessorImpl.java:77)
	at java.base/jdk.internal.reflect.DelegatingMethodAccessorImpl.invoke(DelegatingMethodAccessorImpl.java:43)
	at java.base/java.lang.reflect.Method.invoke(Method.java:568)
	at org.gradle.internal.dispatch.ReflectionDispatch.dispatch(ReflectionDispatch.java:36)
	at org.gradle.internal.dispatch.ReflectionDispatch.dispatch(ReflectionDispatch.java:24)
	at org.gradle.internal.dispatch.ContextClassLoaderDispatch.dispatch(ContextClassLoaderDispatch.java:33)
	at org.gradle.internal.dispatch.ProxyDispatchAdapter$DispatchingInvocationHandler.invoke(ProxyDispatchAdapter.java:94)
	at jdk.proxy1/jdk.proxy1.$Proxy2.stop(Unknown Source)
	at org.gradle.api.internal.tasks.testing.worker.TestWorker$3.run(TestWorker.java:193)
	at org.gradle.api.internal.tasks.testing.worker.TestWorker.executeAndMaintainThreadName(TestWorker.java:129)
	at org.gradle.api.internal.tasks.testing.worker.TestWorker.execute(TestWorker.java:100)
	at org.gradle.api.internal.tasks.testing.worker.TestWorker.execute(TestWorker.java:60)
	at org.gradle.process.internal.worker.child.ActionExecutionWorker.execute(ActionExecutionWorker.java:56)
	at org.gradle.process.internal.worker.child.SystemApplicationClassLoaderWorker.call(SystemApplicationClassLoaderWorker.java:133)
	at org.gradle.process.internal.worker.child.SystemApplicationClassLoaderWorker.call(SystemApplicationClassLoaderWorker.java:71)
	at worker.org.gradle.process.internal.worker.GradleWorkerMain.run(GradleWorkerMain.java:69)
	at worker.org.gradle.process.internal.worker.GradleWorkerMain.main(GradleWorkerMain.java:74)
</failure>
  </testcase>
  <testcase name="getVideosAsTeacherWithCSVDataPositiveTest[47](31.2, front_end, 4)" classname="de.aittr.lms.restAssuredTests.GetVideosRATests" time="0.151">
    <failure message="java.lang.AssertionError: expected [true] but found [false]" type="java.lang.AssertionError">java.lang.AssertionError: expected [true] but found [false]
	at org.testng.Assert.fail(Assert.java:111)
	at org.testng.Assert.failNotEquals(Assert.java:1578)
	at org.testng.Assert.assertTrue(Assert.java:57)
	at org.testng.Assert.assertTrue(Assert.java:67)
	at de.aittr.lms.restAssuredTests.GetVideosRATests.getVideosAsTeacherWithCSVDataPositiveTest(GetVideosRATests.java:177)
	at jdk.internal.reflect.GeneratedMethodAccessor119.invoke(Unknown Source)
	at java.base/jdk.internal.reflect.DelegatingMethodAccessorImpl.invoke(DelegatingMethodAccessorImpl.java:43)
	at java.base/java.lang.reflect.Method.invoke(Method.java:568)
	at org.testng.internal.invokers.MethodInvocationHelper.invokeMethod(MethodInvocationHelper.java:139)
	at org.testng.internal.invokers.TestInvoker.invokeMethod(TestInvoker.java:664)
	at org.testng.internal.invokers.TestInvoker.invokeTestMethod(TestInvoker.java:227)
	at org.testng.internal.invokers.MethodRunner.runInSequence(MethodRunner.java:50)
	at org.testng.internal.invokers.TestInvoker$MethodInvocationAgent.invoke(TestInvoker.java:957)
	at org.testng.internal.invokers.TestInvoker.invokeTestMethods(TestInvoker.java:200)
	at org.testng.internal.invokers.TestMethodWorker.invokeTestMethods(TestMethodWorker.java:148)
	at org.testng.internal.invokers.TestMethodWorker.run(TestMethodWorker.java:128)
	at java.base/java.util.ArrayList.forEach(ArrayList.java:1511)
	at org.testng.TestRunner.privateRun(TestRunner.java:848)
	at org.testng.TestRunner.run(TestRunner.java:621)
	at org.testng.SuiteRunner.runTest(SuiteRunner.java:443)
	at org.testng.SuiteRunner.runSequentially(SuiteRunner.java:437)
	at org.testng.SuiteRunner.privateRun(SuiteRunner.java:397)
	at org.testng.SuiteRunner.run(SuiteRunner.java:336)
	at org.testng.SuiteRunnerWorker.runSuite(SuiteRunnerWorker.java:52)
	at org.testng.SuiteRunnerWorker.run(SuiteRunnerWorker.java:95)
	at org.testng.TestNG.runSuitesSequentially(TestNG.java:1280)
	at org.testng.TestNG.runSuitesLocally(TestNG.java:1200)
	at org.testng.TestNG.runSuites(TestNG.java:1114)
	at org.testng.TestNG.run(TestNG.java:1082)
	at org.gradle.api.internal.tasks.testing.testng.TestNGTestClassProcessor.runTests(TestNGTestClassProcessor.java:146)
	at org.gradle.api.internal.tasks.testing.testng.TestNGTestClassProcessor.stop(TestNGTestClassProcessor.java:91)
	at org.gradle.api.internal.tasks.testing.SuiteTestClassProcessor.stop(SuiteTestClassProcessor.java:61)
	at java.base/jdk.internal.reflect.NativeMethodAccessorImpl.invoke0(Native Method)
	at java.base/jdk.internal.reflect.NativeMethodAccessorImpl.invoke(NativeMethodAccessorImpl.java:77)
	at java.base/jdk.internal.reflect.DelegatingMethodAccessorImpl.invoke(DelegatingMethodAccessorImpl.java:43)
	at java.base/java.lang.reflect.Method.invoke(Method.java:568)
	at org.gradle.internal.dispatch.ReflectionDispatch.dispatch(ReflectionDispatch.java:36)
	at org.gradle.internal.dispatch.ReflectionDispatch.dispatch(ReflectionDispatch.java:24)
	at org.gradle.internal.dispatch.ContextClassLoaderDispatch.dispatch(ContextClassLoaderDispatch.java:33)
	at org.gradle.internal.dispatch.ProxyDispatchAdapter$DispatchingInvocationHandler.invoke(ProxyDispatchAdapter.java:94)
	at jdk.proxy1/jdk.proxy1.$Proxy2.stop(Unknown Source)
	at org.gradle.api.internal.tasks.testing.worker.TestWorker$3.run(TestWorker.java:193)
	at org.gradle.api.internal.tasks.testing.worker.TestWorker.executeAndMaintainThreadName(TestWorker.java:129)
	at org.gradle.api.internal.tasks.testing.worker.TestWorker.execute(TestWorker.java:100)
	at org.gradle.api.internal.tasks.testing.worker.TestWorker.execute(TestWorker.java:60)
	at org.gradle.process.internal.worker.child.ActionExecutionWorker.execute(ActionExecutionWorker.java:56)
	at org.gradle.process.internal.worker.child.SystemApplicationClassLoaderWorker.call(SystemApplicationClassLoaderWorker.java:133)
	at org.gradle.process.internal.worker.child.SystemApplicationClassLoaderWorker.call(SystemApplicationClassLoaderWorker.java:71)
	at worker.org.gradle.process.internal.worker.GradleWorkerMain.run(GradleWorkerMain.java:69)
	at worker.org.gradle.process.internal.worker.GradleWorkerMain.main(GradleWorkerMain.java:74)
</failure>
  </testcase>
  <testcase name="getVideosAsTeacherWithCSVDataPositiveTest[48](31.2, front_end, 5)" classname="de.aittr.lms.restAssuredTests.GetVideosRATests" time="0.157">
    <failure message="java.lang.AssertionError: expected [true] but found [false]" type="java.lang.AssertionError">java.lang.AssertionError: expected [true] but found [false]
	at org.testng.Assert.fail(Assert.java:111)
	at org.testng.Assert.failNotEquals(Assert.java:1578)
	at org.testng.Assert.assertTrue(Assert.java:57)
	at org.testng.Assert.assertTrue(Assert.java:67)
	at de.aittr.lms.restAssuredTests.GetVideosRATests.getVideosAsTeacherWithCSVDataPositiveTest(GetVideosRATests.java:177)
	at jdk.internal.reflect.GeneratedMethodAccessor119.invoke(Unknown Source)
	at java.base/jdk.internal.reflect.DelegatingMethodAccessorImpl.invoke(DelegatingMethodAccessorImpl.java:43)
	at java.base/java.lang.reflect.Method.invoke(Method.java:568)
	at org.testng.internal.invokers.MethodInvocationHelper.invokeMethod(MethodInvocationHelper.java:139)
	at org.testng.internal.invokers.TestInvoker.invokeMethod(TestInvoker.java:664)
	at org.testng.internal.invokers.TestInvoker.invokeTestMethod(TestInvoker.java:227)
	at org.testng.internal.invokers.MethodRunner.runInSequence(MethodRunner.java:50)
	at org.testng.internal.invokers.TestInvoker$MethodInvocationAgent.invoke(TestInvoker.java:957)
	at org.testng.internal.invokers.TestInvoker.invokeTestMethods(TestInvoker.java:200)
	at org.testng.internal.invokers.TestMethodWorker.invokeTestMethods(TestMethodWorker.java:148)
	at org.testng.internal.invokers.TestMethodWorker.run(TestMethodWorker.java:128)
	at java.base/java.util.ArrayList.forEach(ArrayList.java:1511)
	at org.testng.TestRunner.privateRun(TestRunner.java:848)
	at org.testng.TestRunner.run(TestRunner.java:621)
	at org.testng.SuiteRunner.runTest(SuiteRunner.java:443)
	at org.testng.SuiteRunner.runSequentially(SuiteRunner.java:437)
	at org.testng.SuiteRunner.privateRun(SuiteRunner.java:397)
	at org.testng.SuiteRunner.run(SuiteRunner.java:336)
	at org.testng.SuiteRunnerWorker.runSuite(SuiteRunnerWorker.java:52)
	at org.testng.SuiteRunnerWorker.run(SuiteRunnerWorker.java:95)
	at org.testng.TestNG.runSuitesSequentially(TestNG.java:1280)
	at org.testng.TestNG.runSuitesLocally(TestNG.java:1200)
	at org.testng.TestNG.runSuites(TestNG.java:1114)
	at org.testng.TestNG.run(TestNG.java:1082)
	at org.gradle.api.internal.tasks.testing.testng.TestNGTestClassProcessor.runTests(TestNGTestClassProcessor.java:146)
	at org.gradle.api.internal.tasks.testing.testng.TestNGTestClassProcessor.stop(TestNGTestClassProcessor.java:91)
	at org.gradle.api.internal.tasks.testing.SuiteTestClassProcessor.stop(SuiteTestClassProcessor.java:61)
	at java.base/jdk.internal.reflect.NativeMethodAccessorImpl.invoke0(Native Method)
	at java.base/jdk.internal.reflect.NativeMethodAccessorImpl.invoke(NativeMethodAccessorImpl.java:77)
	at java.base/jdk.internal.reflect.DelegatingMethodAccessorImpl.invoke(DelegatingMethodAccessorImpl.java:43)
	at java.base/java.lang.reflect.Method.invoke(Method.java:568)
	at org.gradle.internal.dispatch.ReflectionDispatch.dispatch(ReflectionDispatch.java:36)
	at org.gradle.internal.dispatch.ReflectionDispatch.dispatch(ReflectionDispatch.java:24)
	at org.gradle.internal.dispatch.ContextClassLoaderDispatch.dispatch(ContextClassLoaderDispatch.java:33)
	at org.gradle.internal.dispatch.ProxyDispatchAdapter$DispatchingInvocationHandler.invoke(ProxyDispatchAdapter.java:94)
	at jdk.proxy1/jdk.proxy1.$Proxy2.stop(Unknown Source)
	at org.gradle.api.internal.tasks.testing.worker.TestWorker$3.run(TestWorker.java:193)
	at org.gradle.api.internal.tasks.testing.worker.TestWorker.executeAndMaintainThreadName(TestWorker.java:129)
	at org.gradle.api.internal.tasks.testing.worker.TestWorker.execute(TestWorker.java:100)
	at org.gradle.api.internal.tasks.testing.worker.TestWorker.execute(TestWorker.java:60)
	at org.gradle.process.internal.worker.child.ActionExecutionWorker.execute(ActionExecutionWorker.java:56)
	at org.gradle.process.internal.worker.child.SystemApplicationClassLoaderWorker.call(SystemApplicationClassLoaderWorker.java:133)
	at org.gradle.process.internal.worker.child.SystemApplicationClassLoaderWorker.call(SystemApplicationClassLoaderWorker.java:71)
	at worker.org.gradle.process.internal.worker.GradleWorkerMain.run(GradleWorkerMain.java:69)
	at worker.org.gradle.process.internal.worker.GradleWorkerMain.main(GradleWorkerMain.java:74)
</failure>
  </testcase>
  <testcase name="getVideosAsTeacherWithCSVDataPositiveTest[49](31.2, front_end, 6)" classname="de.aittr.lms.restAssuredTests.GetVideosRATests" time="0.159">
    <failure message="java.lang.AssertionError: expected [true] but found [false]" type="java.lang.AssertionError">java.lang.AssertionError: expected [true] but found [false]
	at org.testng.Assert.fail(Assert.java:111)
	at org.testng.Assert.failNotEquals(Assert.java:1578)
	at org.testng.Assert.assertTrue(Assert.java:57)
	at org.testng.Assert.assertTrue(Assert.java:67)
	at de.aittr.lms.restAssuredTests.GetVideosRATests.getVideosAsTeacherWithCSVDataPositiveTest(GetVideosRATests.java:177)
	at jdk.internal.reflect.GeneratedMethodAccessor119.invoke(Unknown Source)
	at java.base/jdk.internal.reflect.DelegatingMethodAccessorImpl.invoke(DelegatingMethodAccessorImpl.java:43)
	at java.base/java.lang.reflect.Method.invoke(Method.java:568)
	at org.testng.internal.invokers.MethodInvocationHelper.invokeMethod(MethodInvocationHelper.java:139)
	at org.testng.internal.invokers.TestInvoker.invokeMethod(TestInvoker.java:664)
	at org.testng.internal.invokers.TestInvoker.invokeTestMethod(TestInvoker.java:227)
	at org.testng.internal.invokers.MethodRunner.runInSequence(MethodRunner.java:50)
	at org.testng.internal.invokers.TestInvoker$MethodInvocationAgent.invoke(TestInvoker.java:957)
	at org.testng.internal.invokers.TestInvoker.invokeTestMethods(TestInvoker.java:200)
	at org.testng.internal.invokers.TestMethodWorker.invokeTestMethods(TestMethodWorker.java:148)
	at org.testng.internal.invokers.TestMethodWorker.run(TestMethodWorker.java:128)
	at java.base/java.util.ArrayList.forEach(ArrayList.java:1511)
	at org.testng.TestRunner.privateRun(TestRunner.java:848)
	at org.testng.TestRunner.run(TestRunner.java:621)
	at org.testng.SuiteRunner.runTest(SuiteRunner.java:443)
	at org.testng.SuiteRunner.runSequentially(SuiteRunner.java:437)
	at org.testng.SuiteRunner.privateRun(SuiteRunner.java:397)
	at org.testng.SuiteRunner.run(SuiteRunner.java:336)
	at org.testng.SuiteRunnerWorker.runSuite(SuiteRunnerWorker.java:52)
	at org.testng.SuiteRunnerWorker.run(SuiteRunnerWorker.java:95)
	at org.testng.TestNG.runSuitesSequentially(TestNG.java:1280)
	at org.testng.TestNG.runSuitesLocally(TestNG.java:1200)
	at org.testng.TestNG.runSuites(TestNG.java:1114)
	at org.testng.TestNG.run(TestNG.java:1082)
	at org.gradle.api.internal.tasks.testing.testng.TestNGTestClassProcessor.runTests(TestNGTestClassProcessor.java:146)
	at org.gradle.api.internal.tasks.testing.testng.TestNGTestClassProcessor.stop(TestNGTestClassProcessor.java:91)
	at org.gradle.api.internal.tasks.testing.SuiteTestClassProcessor.stop(SuiteTestClassProcessor.java:61)
	at java.base/jdk.internal.reflect.NativeMethodAccessorImpl.invoke0(Native Method)
	at java.base/jdk.internal.reflect.NativeMethodAccessorImpl.invoke(NativeMethodAccessorImpl.java:77)
	at java.base/jdk.internal.reflect.DelegatingMethodAccessorImpl.invoke(DelegatingMethodAccessorImpl.java:43)
	at java.base/java.lang.reflect.Method.invoke(Method.java:568)
	at org.gradle.internal.dispatch.ReflectionDispatch.dispatch(ReflectionDispatch.java:36)
	at org.gradle.internal.dispatch.ReflectionDispatch.dispatch(ReflectionDispatch.java:24)
	at org.gradle.internal.dispatch.ContextClassLoaderDispatch.dispatch(ContextClassLoaderDispatch.java:33)
	at org.gradle.internal.dispatch.ProxyDispatchAdapter$DispatchingInvocationHandler.invoke(ProxyDispatchAdapter.java:94)
	at jdk.proxy1/jdk.proxy1.$Proxy2.stop(Unknown Source)
	at org.gradle.api.internal.tasks.testing.worker.TestWorker$3.run(TestWorker.java:193)
	at org.gradle.api.internal.tasks.testing.worker.TestWorker.executeAndMaintainThreadName(TestWorker.java:129)
	at org.gradle.api.internal.tasks.testing.worker.TestWorker.execute(TestWorker.java:100)
	at org.gradle.api.internal.tasks.testing.worker.TestWorker.execute(TestWorker.java:60)
	at org.gradle.process.internal.worker.child.ActionExecutionWorker.execute(ActionExecutionWorker.java:56)
	at org.gradle.process.internal.worker.child.SystemApplicationClassLoaderWorker.call(SystemApplicationClassLoaderWorker.java:133)
	at org.gradle.process.internal.worker.child.SystemApplicationClassLoaderWorker.call(SystemApplicationClassLoaderWorker.java:71)
	at worker.org.gradle.process.internal.worker.GradleWorkerMain.run(GradleWorkerMain.java:69)
	at worker.org.gradle.process.internal.worker.GradleWorkerMain.main(GradleWorkerMain.java:74)
</failure>
  </testcase>
  <testcase name="getVideosAsTeacherWithCSVDataPositiveTest[50](31.2, front_end, 7)" classname="de.aittr.lms.restAssuredTests.GetVideosRATests" time="0.138">
    <failure message="java.lang.AssertionError: expected [true] but found [false]" type="java.lang.AssertionError">java.lang.AssertionError: expected [true] but found [false]
	at org.testng.Assert.fail(Assert.java:111)
	at org.testng.Assert.failNotEquals(Assert.java:1578)
	at org.testng.Assert.assertTrue(Assert.java:57)
	at org.testng.Assert.assertTrue(Assert.java:67)
	at de.aittr.lms.restAssuredTests.GetVideosRATests.getVideosAsTeacherWithCSVDataPositiveTest(GetVideosRATests.java:177)
	at jdk.internal.reflect.GeneratedMethodAccessor119.invoke(Unknown Source)
	at java.base/jdk.internal.reflect.DelegatingMethodAccessorImpl.invoke(DelegatingMethodAccessorImpl.java:43)
	at java.base/java.lang.reflect.Method.invoke(Method.java:568)
	at org.testng.internal.invokers.MethodInvocationHelper.invokeMethod(MethodInvocationHelper.java:139)
	at org.testng.internal.invokers.TestInvoker.invokeMethod(TestInvoker.java:664)
	at org.testng.internal.invokers.TestInvoker.invokeTestMethod(TestInvoker.java:227)
	at org.testng.internal.invokers.MethodRunner.runInSequence(MethodRunner.java:50)
	at org.testng.internal.invokers.TestInvoker$MethodInvocationAgent.invoke(TestInvoker.java:957)
	at org.testng.internal.invokers.TestInvoker.invokeTestMethods(TestInvoker.java:200)
	at org.testng.internal.invokers.TestMethodWorker.invokeTestMethods(TestMethodWorker.java:148)
	at org.testng.internal.invokers.TestMethodWorker.run(TestMethodWorker.java:128)
	at java.base/java.util.ArrayList.forEach(ArrayList.java:1511)
	at org.testng.TestRunner.privateRun(TestRunner.java:848)
	at org.testng.TestRunner.run(TestRunner.java:621)
	at org.testng.SuiteRunner.runTest(SuiteRunner.java:443)
	at org.testng.SuiteRunner.runSequentially(SuiteRunner.java:437)
	at org.testng.SuiteRunner.privateRun(SuiteRunner.java:397)
	at org.testng.SuiteRunner.run(SuiteRunner.java:336)
	at org.testng.SuiteRunnerWorker.runSuite(SuiteRunnerWorker.java:52)
	at org.testng.SuiteRunnerWorker.run(SuiteRunnerWorker.java:95)
	at org.testng.TestNG.runSuitesSequentially(TestNG.java:1280)
	at org.testng.TestNG.runSuitesLocally(TestNG.java:1200)
	at org.testng.TestNG.runSuites(TestNG.java:1114)
	at org.testng.TestNG.run(TestNG.java:1082)
	at org.gradle.api.internal.tasks.testing.testng.TestNGTestClassProcessor.runTests(TestNGTestClassProcessor.java:146)
	at org.gradle.api.internal.tasks.testing.testng.TestNGTestClassProcessor.stop(TestNGTestClassProcessor.java:91)
	at org.gradle.api.internal.tasks.testing.SuiteTestClassProcessor.stop(SuiteTestClassProcessor.java:61)
	at java.base/jdk.internal.reflect.NativeMethodAccessorImpl.invoke0(Native Method)
	at java.base/jdk.internal.reflect.NativeMethodAccessorImpl.invoke(NativeMethodAccessorImpl.java:77)
	at java.base/jdk.internal.reflect.DelegatingMethodAccessorImpl.invoke(DelegatingMethodAccessorImpl.java:43)
	at java.base/java.lang.reflect.Method.invoke(Method.java:568)
	at org.gradle.internal.dispatch.ReflectionDispatch.dispatch(ReflectionDispatch.java:36)
	at org.gradle.internal.dispatch.ReflectionDispatch.dispatch(ReflectionDispatch.java:24)
	at org.gradle.internal.dispatch.ContextClassLoaderDispatch.dispatch(ContextClassLoaderDispatch.java:33)
	at org.gradle.internal.dispatch.ProxyDispatchAdapter$DispatchingInvocationHandler.invoke(ProxyDispatchAdapter.java:94)
	at jdk.proxy1/jdk.proxy1.$Proxy2.stop(Unknown Source)
	at org.gradle.api.internal.tasks.testing.worker.TestWorker$3.run(TestWorker.java:193)
	at org.gradle.api.internal.tasks.testing.worker.TestWorker.executeAndMaintainThreadName(TestWorker.java:129)
	at org.gradle.api.internal.tasks.testing.worker.TestWorker.execute(TestWorker.java:100)
	at org.gradle.api.internal.tasks.testing.worker.TestWorker.execute(TestWorker.java:60)
	at org.gradle.process.internal.worker.child.ActionExecutionWorker.execute(ActionExecutionWorker.java:56)
	at org.gradle.process.internal.worker.child.SystemApplicationClassLoaderWorker.call(SystemApplicationClassLoaderWorker.java:133)
	at org.gradle.process.internal.worker.child.SystemApplicationClassLoaderWorker.call(SystemApplicationClassLoaderWorker.java:71)
	at worker.org.gradle.process.internal.worker.GradleWorkerMain.run(GradleWorkerMain.java:69)
	at worker.org.gradle.process.internal.worker.GradleWorkerMain.main(GradleWorkerMain.java:74)
</failure>
  </testcase>
  <testcase name="getVideosAsTeacherWithCSVDataPositiveTest[51](31.2, front_end, 8)" classname="de.aittr.lms.restAssuredTests.GetVideosRATests" time="0.155">
    <failure message="java.lang.AssertionError: expected [true] but found [false]" type="java.lang.AssertionError">java.lang.AssertionError: expected [true] but found [false]
	at org.testng.Assert.fail(Assert.java:111)
	at org.testng.Assert.failNotEquals(Assert.java:1578)
	at org.testng.Assert.assertTrue(Assert.java:57)
	at org.testng.Assert.assertTrue(Assert.java:67)
	at de.aittr.lms.restAssuredTests.GetVideosRATests.getVideosAsTeacherWithCSVDataPositiveTest(GetVideosRATests.java:177)
	at jdk.internal.reflect.GeneratedMethodAccessor119.invoke(Unknown Source)
	at java.base/jdk.internal.reflect.DelegatingMethodAccessorImpl.invoke(DelegatingMethodAccessorImpl.java:43)
	at java.base/java.lang.reflect.Method.invoke(Method.java:568)
	at org.testng.internal.invokers.MethodInvocationHelper.invokeMethod(MethodInvocationHelper.java:139)
	at org.testng.internal.invokers.TestInvoker.invokeMethod(TestInvoker.java:664)
	at org.testng.internal.invokers.TestInvoker.invokeTestMethod(TestInvoker.java:227)
	at org.testng.internal.invokers.MethodRunner.runInSequence(MethodRunner.java:50)
	at org.testng.internal.invokers.TestInvoker$MethodInvocationAgent.invoke(TestInvoker.java:957)
	at org.testng.internal.invokers.TestInvoker.invokeTestMethods(TestInvoker.java:200)
	at org.testng.internal.invokers.TestMethodWorker.invokeTestMethods(TestMethodWorker.java:148)
	at org.testng.internal.invokers.TestMethodWorker.run(TestMethodWorker.java:128)
	at java.base/java.util.ArrayList.forEach(ArrayList.java:1511)
	at org.testng.TestRunner.privateRun(TestRunner.java:848)
	at org.testng.TestRunner.run(TestRunner.java:621)
	at org.testng.SuiteRunner.runTest(SuiteRunner.java:443)
	at org.testng.SuiteRunner.runSequentially(SuiteRunner.java:437)
	at org.testng.SuiteRunner.privateRun(SuiteRunner.java:397)
	at org.testng.SuiteRunner.run(SuiteRunner.java:336)
	at org.testng.SuiteRunnerWorker.runSuite(SuiteRunnerWorker.java:52)
	at org.testng.SuiteRunnerWorker.run(SuiteRunnerWorker.java:95)
	at org.testng.TestNG.runSuitesSequentially(TestNG.java:1280)
	at org.testng.TestNG.runSuitesLocally(TestNG.java:1200)
	at org.testng.TestNG.runSuites(TestNG.java:1114)
	at org.testng.TestNG.run(TestNG.java:1082)
	at org.gradle.api.internal.tasks.testing.testng.TestNGTestClassProcessor.runTests(TestNGTestClassProcessor.java:146)
	at org.gradle.api.internal.tasks.testing.testng.TestNGTestClassProcessor.stop(TestNGTestClassProcessor.java:91)
	at org.gradle.api.internal.tasks.testing.SuiteTestClassProcessor.stop(SuiteTestClassProcessor.java:61)
	at java.base/jdk.internal.reflect.NativeMethodAccessorImpl.invoke0(Native Method)
	at java.base/jdk.internal.reflect.NativeMethodAccessorImpl.invoke(NativeMethodAccessorImpl.java:77)
	at java.base/jdk.internal.reflect.DelegatingMethodAccessorImpl.invoke(DelegatingMethodAccessorImpl.java:43)
	at java.base/java.lang.reflect.Method.invoke(Method.java:568)
	at org.gradle.internal.dispatch.ReflectionDispatch.dispatch(ReflectionDispatch.java:36)
	at org.gradle.internal.dispatch.ReflectionDispatch.dispatch(ReflectionDispatch.java:24)
	at org.gradle.internal.dispatch.ContextClassLoaderDispatch.dispatch(ContextClassLoaderDispatch.java:33)
	at org.gradle.internal.dispatch.ProxyDispatchAdapter$DispatchingInvocationHandler.invoke(ProxyDispatchAdapter.java:94)
	at jdk.proxy1/jdk.proxy1.$Proxy2.stop(Unknown Source)
	at org.gradle.api.internal.tasks.testing.worker.TestWorker$3.run(TestWorker.java:193)
	at org.gradle.api.internal.tasks.testing.worker.TestWorker.executeAndMaintainThreadName(TestWorker.java:129)
	at org.gradle.api.internal.tasks.testing.worker.TestWorker.execute(TestWorker.java:100)
	at org.gradle.api.internal.tasks.testing.worker.TestWorker.execute(TestWorker.java:60)
	at org.gradle.process.internal.worker.child.ActionExecutionWorker.execute(ActionExecutionWorker.java:56)
	at org.gradle.process.internal.worker.child.SystemApplicationClassLoaderWorker.call(SystemApplicationClassLoaderWorker.java:133)
	at org.gradle.process.internal.worker.child.SystemApplicationClassLoaderWorker.call(SystemApplicationClassLoaderWorker.java:71)
	at worker.org.gradle.process.internal.worker.GradleWorkerMain.run(GradleWorkerMain.java:69)
	at worker.org.gradle.process.internal.worker.GradleWorkerMain.main(GradleWorkerMain.java:74)
</failure>
  </testcase>
  <testcase name="getVideosAsTeacherWithCSVDataPositiveTest[52](31.2, front_end, 9)" classname="de.aittr.lms.restAssuredTests.GetVideosRATests" time="0.149">
    <failure message="java.lang.AssertionError: expected [true] but found [false]" type="java.lang.AssertionError">java.lang.AssertionError: expected [true] but found [false]
	at org.testng.Assert.fail(Assert.java:111)
	at org.testng.Assert.failNotEquals(Assert.java:1578)
	at org.testng.Assert.assertTrue(Assert.java:57)
	at org.testng.Assert.assertTrue(Assert.java:67)
	at de.aittr.lms.restAssuredTests.GetVideosRATests.getVideosAsTeacherWithCSVDataPositiveTest(GetVideosRATests.java:177)
	at jdk.internal.reflect.GeneratedMethodAccessor119.invoke(Unknown Source)
	at java.base/jdk.internal.reflect.DelegatingMethodAccessorImpl.invoke(DelegatingMethodAccessorImpl.java:43)
	at java.base/java.lang.reflect.Method.invoke(Method.java:568)
	at org.testng.internal.invokers.MethodInvocationHelper.invokeMethod(MethodInvocationHelper.java:139)
	at org.testng.internal.invokers.TestInvoker.invokeMethod(TestInvoker.java:664)
	at org.testng.internal.invokers.TestInvoker.invokeTestMethod(TestInvoker.java:227)
	at org.testng.internal.invokers.MethodRunner.runInSequence(MethodRunner.java:50)
	at org.testng.internal.invokers.TestInvoker$MethodInvocationAgent.invoke(TestInvoker.java:957)
	at org.testng.internal.invokers.TestInvoker.invokeTestMethods(TestInvoker.java:200)
	at org.testng.internal.invokers.TestMethodWorker.invokeTestMethods(TestMethodWorker.java:148)
	at org.testng.internal.invokers.TestMethodWorker.run(TestMethodWorker.java:128)
	at java.base/java.util.ArrayList.forEach(ArrayList.java:1511)
	at org.testng.TestRunner.privateRun(TestRunner.java:848)
	at org.testng.TestRunner.run(TestRunner.java:621)
	at org.testng.SuiteRunner.runTest(SuiteRunner.java:443)
	at org.testng.SuiteRunner.runSequentially(SuiteRunner.java:437)
	at org.testng.SuiteRunner.privateRun(SuiteRunner.java:397)
	at org.testng.SuiteRunner.run(SuiteRunner.java:336)
	at org.testng.SuiteRunnerWorker.runSuite(SuiteRunnerWorker.java:52)
	at org.testng.SuiteRunnerWorker.run(SuiteRunnerWorker.java:95)
	at org.testng.TestNG.runSuitesSequentially(TestNG.java:1280)
	at org.testng.TestNG.runSuitesLocally(TestNG.java:1200)
	at org.testng.TestNG.runSuites(TestNG.java:1114)
	at org.testng.TestNG.run(TestNG.java:1082)
	at org.gradle.api.internal.tasks.testing.testng.TestNGTestClassProcessor.runTests(TestNGTestClassProcessor.java:146)
	at org.gradle.api.internal.tasks.testing.testng.TestNGTestClassProcessor.stop(TestNGTestClassProcessor.java:91)
	at org.gradle.api.internal.tasks.testing.SuiteTestClassProcessor.stop(SuiteTestClassProcessor.java:61)
	at java.base/jdk.internal.reflect.NativeMethodAccessorImpl.invoke0(Native Method)
	at java.base/jdk.internal.reflect.NativeMethodAccessorImpl.invoke(NativeMethodAccessorImpl.java:77)
	at java.base/jdk.internal.reflect.DelegatingMethodAccessorImpl.invoke(DelegatingMethodAccessorImpl.java:43)
	at java.base/java.lang.reflect.Method.invoke(Method.java:568)
	at org.gradle.internal.dispatch.ReflectionDispatch.dispatch(ReflectionDispatch.java:36)
	at org.gradle.internal.dispatch.ReflectionDispatch.dispatch(ReflectionDispatch.java:24)
	at org.gradle.internal.dispatch.ContextClassLoaderDispatch.dispatch(ContextClassLoaderDispatch.java:33)
	at org.gradle.internal.dispatch.ProxyDispatchAdapter$DispatchingInvocationHandler.invoke(ProxyDispatchAdapter.java:94)
	at jdk.proxy1/jdk.proxy1.$Proxy2.stop(Unknown Source)
	at org.gradle.api.internal.tasks.testing.worker.TestWorker$3.run(TestWorker.java:193)
	at org.gradle.api.internal.tasks.testing.worker.TestWorker.executeAndMaintainThreadName(TestWorker.java:129)
	at org.gradle.api.internal.tasks.testing.worker.TestWorker.execute(TestWorker.java:100)
	at org.gradle.api.internal.tasks.testing.worker.TestWorker.execute(TestWorker.java:60)
	at org.gradle.process.internal.worker.child.ActionExecutionWorker.execute(ActionExecutionWorker.java:56)
	at org.gradle.process.internal.worker.child.SystemApplicationClassLoaderWorker.call(SystemApplicationClassLoaderWorker.java:133)
	at org.gradle.process.internal.worker.child.SystemApplicationClassLoaderWorker.call(SystemApplicationClassLoaderWorker.java:71)
	at worker.org.gradle.process.internal.worker.GradleWorkerMain.run(GradleWorkerMain.java:69)
	at worker.org.gradle.process.internal.worker.GradleWorkerMain.main(GradleWorkerMain.java:74)
</failure>
  </testcase>
  <testcase name="getVideosAsTeacherWithCSVDataPositiveTest[53](31.2, front_end, 10)" classname="de.aittr.lms.restAssuredTests.GetVideosRATests" time="0.154"/>
  <testcase name="getVideosAsTeacherWithCSVDataPositiveTest[54](31.2, front_end, 11)" classname="de.aittr.lms.restAssuredTests.GetVideosRATests" time="0.148">
    <failure message="java.lang.AssertionError: expected [true] but found [false]" type="java.lang.AssertionError">java.lang.AssertionError: expected [true] but found [false]
	at org.testng.Assert.fail(Assert.java:111)
	at org.testng.Assert.failNotEquals(Assert.java:1578)
	at org.testng.Assert.assertTrue(Assert.java:57)
	at org.testng.Assert.assertTrue(Assert.java:67)
	at de.aittr.lms.restAssuredTests.GetVideosRATests.getVideosAsTeacherWithCSVDataPositiveTest(GetVideosRATests.java:177)
	at jdk.internal.reflect.GeneratedMethodAccessor119.invoke(Unknown Source)
	at java.base/jdk.internal.reflect.DelegatingMethodAccessorImpl.invoke(DelegatingMethodAccessorImpl.java:43)
	at java.base/java.lang.reflect.Method.invoke(Method.java:568)
	at org.testng.internal.invokers.MethodInvocationHelper.invokeMethod(MethodInvocationHelper.java:139)
	at org.testng.internal.invokers.TestInvoker.invokeMethod(TestInvoker.java:664)
	at org.testng.internal.invokers.TestInvoker.invokeTestMethod(TestInvoker.java:227)
	at org.testng.internal.invokers.MethodRunner.runInSequence(MethodRunner.java:50)
	at org.testng.internal.invokers.TestInvoker$MethodInvocationAgent.invoke(TestInvoker.java:957)
	at org.testng.internal.invokers.TestInvoker.invokeTestMethods(TestInvoker.java:200)
	at org.testng.internal.invokers.TestMethodWorker.invokeTestMethods(TestMethodWorker.java:148)
	at org.testng.internal.invokers.TestMethodWorker.run(TestMethodWorker.java:128)
	at java.base/java.util.ArrayList.forEach(ArrayList.java:1511)
	at org.testng.TestRunner.privateRun(TestRunner.java:848)
	at org.testng.TestRunner.run(TestRunner.java:621)
	at org.testng.SuiteRunner.runTest(SuiteRunner.java:443)
	at org.testng.SuiteRunner.runSequentially(SuiteRunner.java:437)
	at org.testng.SuiteRunner.privateRun(SuiteRunner.java:397)
	at org.testng.SuiteRunner.run(SuiteRunner.java:336)
	at org.testng.SuiteRunnerWorker.runSuite(SuiteRunnerWorker.java:52)
	at org.testng.SuiteRunnerWorker.run(SuiteRunnerWorker.java:95)
	at org.testng.TestNG.runSuitesSequentially(TestNG.java:1280)
	at org.testng.TestNG.runSuitesLocally(TestNG.java:1200)
	at org.testng.TestNG.runSuites(TestNG.java:1114)
	at org.testng.TestNG.run(TestNG.java:1082)
	at org.gradle.api.internal.tasks.testing.testng.TestNGTestClassProcessor.runTests(TestNGTestClassProcessor.java:146)
	at org.gradle.api.internal.tasks.testing.testng.TestNGTestClassProcessor.stop(TestNGTestClassProcessor.java:91)
	at org.gradle.api.internal.tasks.testing.SuiteTestClassProcessor.stop(SuiteTestClassProcessor.java:61)
	at java.base/jdk.internal.reflect.NativeMethodAccessorImpl.invoke0(Native Method)
	at java.base/jdk.internal.reflect.NativeMethodAccessorImpl.invoke(NativeMethodAccessorImpl.java:77)
	at java.base/jdk.internal.reflect.DelegatingMethodAccessorImpl.invoke(DelegatingMethodAccessorImpl.java:43)
	at java.base/java.lang.reflect.Method.invoke(Method.java:568)
	at org.gradle.internal.dispatch.ReflectionDispatch.dispatch(ReflectionDispatch.java:36)
	at org.gradle.internal.dispatch.ReflectionDispatch.dispatch(ReflectionDispatch.java:24)
	at org.gradle.internal.dispatch.ContextClassLoaderDispatch.dispatch(ContextClassLoaderDispatch.java:33)
	at org.gradle.internal.dispatch.ProxyDispatchAdapter$DispatchingInvocationHandler.invoke(ProxyDispatchAdapter.java:94)
	at jdk.proxy1/jdk.proxy1.$Proxy2.stop(Unknown Source)
	at org.gradle.api.internal.tasks.testing.worker.TestWorker$3.run(TestWorker.java:193)
	at org.gradle.api.internal.tasks.testing.worker.TestWorker.executeAndMaintainThreadName(TestWorker.java:129)
	at org.gradle.api.internal.tasks.testing.worker.TestWorker.execute(TestWorker.java:100)
	at org.gradle.api.internal.tasks.testing.worker.TestWorker.execute(TestWorker.java:60)
	at org.gradle.process.internal.worker.child.ActionExecutionWorker.execute(ActionExecutionWorker.java:56)
	at org.gradle.process.internal.worker.child.SystemApplicationClassLoaderWorker.call(SystemApplicationClassLoaderWorker.java:133)
	at org.gradle.process.internal.worker.child.SystemApplicationClassLoaderWorker.call(SystemApplicationClassLoaderWorker.java:71)
	at worker.org.gradle.process.internal.worker.GradleWorkerMain.run(GradleWorkerMain.java:69)
	at worker.org.gradle.process.internal.worker.GradleWorkerMain.main(GradleWorkerMain.java:74)
</failure>
  </testcase>
  <testcase name="getVideosAsTeacherWithCSVDataPositiveTest[55](31.2, front_end, 12)" classname="de.aittr.lms.restAssuredTests.GetVideosRATests" time="0.165">
    <failure message="java.lang.AssertionError: expected [true] but found [false]" type="java.lang.AssertionError">java.lang.AssertionError: expected [true] but found [false]
	at org.testng.Assert.fail(Assert.java:111)
	at org.testng.Assert.failNotEquals(Assert.java:1578)
	at org.testng.Assert.assertTrue(Assert.java:57)
	at org.testng.Assert.assertTrue(Assert.java:67)
	at de.aittr.lms.restAssuredTests.GetVideosRATests.getVideosAsTeacherWithCSVDataPositiveTest(GetVideosRATests.java:177)
	at jdk.internal.reflect.GeneratedMethodAccessor119.invoke(Unknown Source)
	at java.base/jdk.internal.reflect.DelegatingMethodAccessorImpl.invoke(DelegatingMethodAccessorImpl.java:43)
	at java.base/java.lang.reflect.Method.invoke(Method.java:568)
	at org.testng.internal.invokers.MethodInvocationHelper.invokeMethod(MethodInvocationHelper.java:139)
	at org.testng.internal.invokers.TestInvoker.invokeMethod(TestInvoker.java:664)
	at org.testng.internal.invokers.TestInvoker.invokeTestMethod(TestInvoker.java:227)
	at org.testng.internal.invokers.MethodRunner.runInSequence(MethodRunner.java:50)
	at org.testng.internal.invokers.TestInvoker$MethodInvocationAgent.invoke(TestInvoker.java:957)
	at org.testng.internal.invokers.TestInvoker.invokeTestMethods(TestInvoker.java:200)
	at org.testng.internal.invokers.TestMethodWorker.invokeTestMethods(TestMethodWorker.java:148)
	at org.testng.internal.invokers.TestMethodWorker.run(TestMethodWorker.java:128)
	at java.base/java.util.ArrayList.forEach(ArrayList.java:1511)
	at org.testng.TestRunner.privateRun(TestRunner.java:848)
[...]
21:09:17.111 [Test worker] INFO  d.a.lms.restAssuredTests.TestBaseRA -- Start test getVideosAsTeacherWithCSVDataPositiveTest with parameters [31.2, basic_programming, 1]
21:09:17.260 [Test worker] INFO  d.a.lms.restAssuredTests.TestBaseRA -- FAILED: getVideosAsTeacherWithCSVDataPositiveTest
21:09:17.261 [Test worker] INFO  d.a.lms.restAssuredTests.TestBaseRA -- Stop test
21:09:17.261 [Test worker] INFO  d.a.lms.restAssuredTests.TestBaseRA -- ==============================
21:09:17.261 [Test worker] INFO  d.a.lms.restAssuredTests.TestBaseRA -- Start test getVideosAsTeacherWithCSVDataPositiveTest with parameters [31.2, basic_programming, 2]
21:09:17.413 [Test worker] INFO  d.a.lms.restAssuredTests.TestBaseRA -- FAILED: getVideosAsTeacherWithCSVDataPositiveTest
21:09:17.413 [Test worker] INFO  d.a.lms.restAssuredTests.TestBaseRA -- Stop test
21:09:17.413 [Test worker] INFO  d.a.lms.restAssuredTests.TestBaseRA -- ==============================
21:09:17.414 [Test worker] INFO  d.a.lms.restAssuredTests.TestBaseRA -- Start test getVideosAsTeacherWithCSVDataPositiveTest with parameters [31.2, basic_programming, 3]
21:09:17.585 [Test worker] INFO  d.a.lms.restAssuredTests.TestBaseRA -- FAILED: getVideosAsTeacherWithCSVDataPositiveTest
21:09:17.585 [Test worker] INFO  d.a.lms.restAssuredTests.TestBaseRA -- Stop test
21:09:17.585 [Test worker] INFO  d.a.lms.restAssuredTests.TestBaseRA -- ==============================
21:09:17.586 [Test worker] INFO  d.a.lms.restAssuredTests.TestBaseRA -- Start test getVideosAsTeacherWithCSVDataPositiveTest with parameters [31.2, basic_programming, 4]
21:09:17.725 [Test worker] INFO  d.a.lms.restAssuredTests.TestBaseRA -- FAILED: getVideosAsTeacherWithCSVDataPositiveTest
21:09:17.725 [Test worker] INFO  d.a.lms.restAssuredTests.TestBaseRA -- Stop test
21:09:17.725 [Test worker] INFO  d.a.lms.restAssuredTests.TestBaseRA -- ==============================
21:09:17.725 [Test worker] INFO  d.a.lms.restAssuredTests.TestBaseRA -- Start test getVideosAsTeacherWithCSVDataPositiveTest with parameters [31.2, basic_programming, 5]
21:09:17.878 [Test worker] INFO  d.a.lms.restAssuredTests.TestBaseRA -- FAILED: getVideosAsTeacherWithCSVDataPositiveTest
21:09:17.878 [Test worker] INFO  d.a.lms.restAssuredTests.TestBaseRA -- Stop test
21:09:17.878 [Test worker] INFO  d.a.lms.restAssuredTests.TestBaseRA -- ==============================
21:09:17.879 [Test worker] INFO  d.a.lms.restAssuredTests.TestBaseRA -- Start test getVideosAsTeacherWithCSVDataPositiveTest with parameters [31.2, basic_programming, 6]
21:09:18.027 [Test worker] INFO  d.a.lms.restAssuredTests.TestBaseRA -- FAILED: getVideosAsTeacherWithCSVDataPositiveTest
21:09:18.027 [Test worker] INFO  d.a.lms.restAssuredTests.TestBaseRA -- Stop test
21:09:18.027 [Test worker] INFO  d.a.lms.restAssuredTests.TestBaseRA -- ==============================
21:09:18.028 [Test worker] INFO  d.a.lms.restAssuredTests.TestBaseRA -- Start test getVideosAsTeacherWithCSVDataPositiveTest with parameters [31.2, basic_programming, 7]
21:09:18.202 [Test worker] INFO  d.a.lms.restAssuredTests.TestBaseRA -- FAILED: getVideosAsTeacherWithCSVDataPositiveTest
21:09:18.203 [Test worker] INFO  d.a.lms.restAssuredTests.TestBaseRA -- Stop test
21:09:18.203 [Test worker] INFO  d.a.lms.restAssuredTests.TestBaseRA -- ==============================
21:09:18.203 [Test worker] INFO  d.a.lms.restAssuredTests.TestBaseRA -- Start test getVideosAsTeacherWithCSVDataPositiveTest with parameters [31.2, basic_programming, 8]
21:09:18.361 [Test worker] INFO  d.a.lms.restAssuredTests.TestBaseRA -- FAILED: getVideosAsTeacherWithCSVDataPositiveTest
21:09:18.361 [Test worker] INFO  d.a.lms.restAssuredTests.TestBaseRA -- Stop test
21:09:18.361 [Test worker] INFO  d.a.lms.restAssuredTests.TestBaseRA -- ==============================
21:09:18.363 [Test worker] INFO  d.a.lms.restAssuredTests.TestBaseRA -- Start test getVideosAsTeacherWithCSVDataPositiveTest with parameters [31.2, basic_programming, 9]
21:09:18.491 [Test worker] INFO  d.a.lms.restAssuredTests.TestBaseRA -- FAILED: getVideosAsTeacherWithCSVDataPositiveTest
21:09:18.491 [Test worker] INFO  d.a.lms.restAssuredTests.TestBaseRA -- Stop test
21:09:18.491 [Test worker] INFO  d.a.lms.restAssuredTests.TestBaseRA -- ==============================
21:09:18.492 [Test worker] INFO  d.a.lms.restAssuredTests.TestBaseRA -- Start test getVideosAsTeacherWithCSVDataPositiveTest with parameters [31.2, basic_programming, 10]
21:09:18.660 [Test worker] INFO  d.a.lms.restAssuredTests.TestBaseRA -- PASSED: getVideosAsTeacherWithCSVDataPositiveTest
21:09:18.660 [Test worker] INFO  d.a.lms.restAssuredTests.TestBaseRA -- Stop test
21:09:18.660 [Test worker] INFO  d.a.lms.restAssuredTests.TestBaseRA -- ==============================
21:09:18.661 [Test worker] INFO  d.a.lms.restAssuredTests.TestBaseRA -- Start test getVideosAsTeacherWithCSVDataPositiveTest with parameters [31.2, basic_programming, 11]
21:09:18.818 [Test worker] INFO  d.a.lms.restAssuredTests.TestBaseRA -- PASSED: getVideosAsTeacherWithCSVDataPositiveTest
21:09:18.818 [Test worker] INFO  d.a.lms.restAssuredTests.TestBaseRA -- Stop test
21:09:18.818 [Test worker] INFO  d.a.lms.restAssuredTests.TestBaseRA -- ==============================
21:09:18.819 [Test worker] INFO  d.a.lms.restAssuredTests.TestBaseRA -- Start test getVideosAsTeacherWithCSVDataPositiveTest with parameters [31.2, basic_programming, 12]
21:09:18.957 [Test worker] INFO  d.a.lms.restAssuredTests.TestBaseRA -- PASSED: getVideosAsTeacherWithCSVDataPositiveTest
21:09:18.958 [Test worker] INFO  d.a.lms.restAssuredTests.TestBaseRA -- Stop test
21:09:18.958 [Test worker] INFO  d.a.lms.restAssuredTests.TestBaseRA -- ==============================
21:09:18.958 [Test worker] INFO  d.a.lms.restAssuredTests.TestBaseRA -- Start test getVideosAsTeacherWithCSVDataPositiveTest with parameters [31.2, basic_programming, 13]
21:09:19.154 [Test worker] INFO  d.a.lms.restAssuredTests.TestBaseRA -- PASSED: getVideosAsTeacherWithCSVDataPositiveTest
21:09:19.154 [Test worker] INFO  d.a.lms.restAssuredTests.TestBaseRA -- Stop test
21:09:19.154 [Test worker] INFO  d.a.lms.restAssuredTests.TestBaseRA -- ==============================
21:09:19.155 [Test worker] INFO  d.a.lms.restAssuredTests.TestBaseRA -- Start test getVideosAsTeacherWithCSVDataPositiveTest with parameters [31.2, basic_programming, 14]
21:09:19.320 [Test worker] INFO  d.a.lms.restAssuredTests.TestBaseRA -- PASSED: getVideosAsTeacherWithCSVDataPositiveTest
21:09:19.320 [Test worker] INFO  d.a.lms.restAssuredTests.TestBaseRA -- Stop test
21:09:19.320 [Test worker] INFO  d.a.lms.restAssuredTests.TestBaseRA -- ==============================
21:09:19.322 [Test worker] INFO  d.a.lms.restAssuredTests.TestBaseRA -- Start test getVideosAsTeacherWithCSVDataPositiveTest with parameters [31.2, basic_programming, 15]
21:09:19.461 [Test worker] INFO  d.a.lms.restAssuredTests.TestBaseRA -- PASSED: getVideosAsTeacherWithCSVDataPositiveTest
21:09:19.462 [Test worker] INFO  d.a.lms.restAssuredTests.TestBaseRA -- Stop test
21:09:19.462 [Test worker] INFO  d.a.lms.restAssuredTests.TestBaseRA -- ==============================
21:09:19.462 [Test worker] INFO  d.a.lms.restAssuredTests.TestBaseRA -- Start test getVideosAsTeacherWithCSVDataPositiveTest with parameters [31.2, basic_programming, 16]
21:09:19.625 [Test worker] INFO  d.a.lms.restAssuredTests.TestBaseRA -- PASSED: getVideosAsTeacherWithCSVDataPositiveTest
21:09:19.625 [Test worker] INFO  d.a.lms.restAssuredTests.TestBaseRA -- Stop test
21:09:19.625 [Test worker] INFO  d.a.lms.restAssuredTests.TestBaseRA -- ==============================
21:09:19.626 [Test worker] INFO  d.a.lms.restAssuredTests.TestBaseRA -- Start test getVideosAsTeacherWithCSVDataPositiveTest with parameters [31.2, basic_programming, 17]
21:09:19.768 [Test worker] INFO  d.a.lms.restAssuredTests.TestBaseRA -- PASSED: getVideosAsTeacherWithCSVDataPositiveTest
21:09:19.769 [Test worker] INFO  d.a.lms.restAssuredTests.TestBaseRA -- Stop test
21:09:19.769 [Test worker] INFO  d.a.lms.restAssuredTests.TestBaseRA -- ==============================
21:09:19.769 [Test worker] INFO  d.a.lms.restAssuredTests.TestBaseRA -- Start test getVideosAsTeacherWithCSVDataPositiveTest with parameters [31.2, basic_programming, 18]
21:09:19.927 [Test worker] INFO  d.a.lms.restAssuredTests.TestBaseRA -- PASSED: getVideosAsTeacherWithCSVDataPositiveTest
21:09:19.927 [Test worker] INFO  d.a.lms.restAssuredTests.TestBaseRA -- Stop test
21:09:19.927 [Test worker] INFO  d.a.lms.restAssuredTests.TestBaseRA -- ==============================
21:09:19.928 [Test worker] INFO  d.a.lms.restAssuredTests.TestBaseRA -- Start test getVideosAsTeacherWithCSVDataPositiveTest with parameters [31.2, basic_programming, 19]
21:09:20.076 [Test worker] INFO  d.a.lms.restAssuredTests.TestBaseRA -- PASSED: getVideosAsTeacherWithCSVDataPositiveTest
21:09:20.076 [Test worker] INFO  d.a.lms.restAssuredTests.TestBaseRA -- Stop test
21:09:20.076 [Test worker] INFO  d.a.lms.restAssuredTests.TestBaseRA -- ==============================
21:09:20.077 [Test worker] INFO  d.a.lms.restAssuredTests.TestBaseRA -- Start test getVideosAsTeacherWithCSVDataPositiveTest with parameters [31.2, basic_programming, 20]
21:09:20.233 [Test worker] INFO  d.a.lms.restAssuredTests.TestBaseRA -- PASSED: getVideosAsTeacherWithCSVDataPositiveTest
21:09:20.233 [Test worker] INFO  d.a.lms.restAssuredTests.TestBaseRA -- Stop test
21:09:20.233 [Test worker] INFO  d.a.lms.restAssuredTests.TestBaseRA -- ==============================
21:09:20.234 [Test worker] INFO  d.a.lms.restAssuredTests.TestBaseRA -- Start test getVideosAsTeacherWithCSVDataPositiveTest with parameters [31.2, basic_programming, 21]
21:09:20.390 [Test worker] INFO  d.a.lms.restAssuredTests.TestBaseRA -- PASSED: getVideosAsTeacherWithCSVDataPositiveTest
21:09:20.390 [Test worker] INFO  d.a.lms.restAssuredTests.TestBaseRA -- Stop test
21:09:20.390 [Test worker] INFO  d.a.lms.restAssuredTests.TestBaseRA -- ==============================
21:09:20.390 [Test worker] INFO  d.a.lms.restAssuredTests.TestBaseRA -- Start test getVideosAsTeacherWithCSVDataPositiveTest with parameters [31.2, basic_programming, 22]
21:09:20.540 [Test worker] INFO  d.a.lms.restAssuredTests.TestBaseRA -- PASSED: getVideosAsTeacherWithCSVDataPositiveTest
21:09:20.540 [Test worker] INFO  d.a.lms.restAssuredTests.TestBaseRA -- Stop test
21:09:20.540 [Test worker] INFO  d.a.lms.restAssuredTests.TestBaseRA -- ==============================
21:09:20.540 [Test worker] INFO  d.a.lms.restAssuredTests.TestBaseRA -- Start test getVideosAsTeacherWithCSVDataPositiveTest with parameters [31.2, basic_programming, 55]
21:09:20.691 [Test worker] INFO  d.a.lms.restAssuredTests.TestBaseRA -- PASSED: getVideosAsTeacherWithCSVDataPositiveTest
21:09:20.691 [Test worker] INFO  d.a.lms.restAssuredTests.TestBaseRA -- Stop test
21:09:20.691 [Test worker] INFO  d.a.lms.restAssuredTests.TestBaseRA -- ==============================
21:09:20.692 [Test worker] INFO  d.a.lms.restAssuredTests.TestBaseRA -- Start test getVideosAsTeacherWithCSVDataPositiveTest with parameters [31.2, basic_programming, 56]
21:09:20.850 [Test worker] INFO  d.a.lms.restAssuredTests.TestBaseRA -- PASSED: getVideosAsTeacherWithCSVDataPositiveTest
21:09:20.850 [Test worker] INFO  d.a.lms.restAssuredTests.TestBaseRA -- Stop test
21:09:20.850 [Test worker] INFO  d.a.lms.restAssuredTests.TestBaseRA -- ==============================
21:09:20.851 [Test worker] INFO  d.a.lms.restAssuredTests.TestBaseRA -- Start test getVideosAsTeacherWithCSVDataPositiveTest with parameters [31.2, basic_programming, 57]
21:09:21.009 [Test worker] INFO  d.a.lms.restAssuredTests.TestBaseRA -- PASSED: getVideosAsTeacherWithCSVDataPositiveTest
21:09:21.009 [Test worker] INFO  d.a.lms.restAssuredTests.TestBaseRA -- Stop test
21:09:21.009 [Test worker] INFO  d.a.lms.restAssuredTests.TestBaseRA -- ==============================
21:09:21.010 [Test worker] INFO  d.a.lms.restAssuredTests.TestBaseRA -- Start test getVideosAsTeacherWithCSVDataPositiveTest with parameters [31.2, basic_programming, 58]
21:09:21.157 [Test worker] INFO  d.a.lms.restAssuredTests.TestBaseRA -- PASSED: getVideosAsTeacherWithCSVDataPositiveTest
21:09:21.157 [Test worker] INFO  d.a.lms.restAssuredTests.TestBaseRA -- Stop test
21:09:21.157 [Test worker] INFO  d.a.lms.restAssuredTests.TestBaseRA -- ==============================
21:09:21.158 [Test worker] INFO  d.a.lms.restAssuredTests.TestBaseRA -- Start test getVideosAsTeacherWithCSVDataPositiveTest with parameters [29, back_end, 1]
21:09:21.305 [Test worker] INFO  d.a.lms.restAssuredTests.TestBaseRA -- FAILED: getVideosAsTeacherWithCSVDataPositiveTest
21:09:21.305 [Test worker] INFO  d.a.lms.restAssuredTests.TestBaseRA -- Stop test
21:09:21.305 [Test worker] INFO  d.a.lms.restAssuredTests.TestBaseRA -- ==============================
21:09:21.306 [Test worker] INFO  d.a.lms.restAssuredTests.TestBaseRA -- Start test getVideosAsTeacherWithCSVDataPositiveTest with parameters [29, back_end, 2]
21:09:21.441 [Test worker] INFO  d.a.lms.restAssuredTests.TestBaseRA -- FAILED: getVideosAsTeacherWithCSVDataPositiveTest
21:09:21.441 [Test worker] INFO  d.a.lms.restAssuredTests.TestBaseRA -- Stop test
21:09:21.441 [Test worker] INFO  d.a.lms.restAssuredTests.TestBaseRA -- ==============================
21:09:21.441 [Test worker] INFO  d.a.lms.restAssuredTests.TestBaseRA -- Start test getVideosAsTeacherWithCSVDataPositiveTest with parameters [29, back_end, 3]
21:09:21.585 [Test worker] INFO  d.a.lms.restAssuredTests.TestBaseRA -- FAILED: getVideosAsTeacherWithCSVDataPositiveTest
21:09:21.586 [Test worker] INFO  d.a.lms.restAssuredTests.TestBaseRA -- Stop test
21:09:21.586 [Test worker] INFO  d.a.lms.restAssuredTests.TestBaseRA -- ==============================
21:09:21.586 [Test worker] INFO  d.a.lms.restAssuredTests.TestBaseRA -- Start test getVideosAsTeacherWithCSVDataPositiveTest with parameters [29, back_end, 4]
21:09:21.719 [Test worker] INFO  d.a.lms.restAssuredTests.TestBaseRA -- FAILED: getVideosAsTeacherWithCSVDataPositiveTest
21:09:21.719 [Test worker] INFO  d.a.lms.restAssuredTests.TestBaseRA -- Stop test
21:09:21.719 [Test worker] INFO  d.a.lms.restAssuredTests.TestBaseRA -- ==============================
21:09:21.719 [Test worker] INFO  d.a.lms.restAssuredTests.TestBaseRA -- Start test getVideosAsTeacherWithCSVDataPositiveTest with parameters [29, back_end, 5]
21:09:21.877 [Test worker] INFO  d.a.lms.restAssuredTests.TestBaseRA -- FAILED: getVideosAsTeacherWithCSVDataPositiveTest
21:09:21.877 [Test worker] INFO  d.a.lms.restAssuredTests.TestBaseRA -- Stop test
21:09:21.877 [Test worker] INFO  d.a.lms.restAssuredTests.TestBaseRA -- ==============================
21:09:21.878 [Test worker] INFO  d.a.lms.restAssuredTests.TestBaseRA -- Start test getVideosAsTeacherWithCSVDataPositiveTest with parameters [29, back_end, 6]
21:09:22.020 [Test worker] INFO  d.a.lms.restAssuredTests.TestBaseRA -- FAILED: getVideosAsTeacherWithCSVDataPositiveTest
21:09:22.021 [Test worker] INFO  d.a.lms.restAssuredTests.TestBaseRA -- Stop test
21:09:22.021 [Test worker] INFO  d.a.lms.restAssuredTests.TestBaseRA -- ==============================
21:09:22.021 [Test worker] INFO  d.a.lms.restAssuredTests.TestBaseRA -- Start test getVideosAsTeacherWithCSVDataPositiveTest with parameters [29, back_end, 7]
21:09:22.179 [Test worker] INFO  d.a.lms.restAssuredTests.TestBaseRA -- FAILED: getVideosAsTeacherWithCSVDataPositiveTest
21:09:22.179 [Test worker] INFO  d.a.lms.restAssuredTests.TestBaseRA -- Stop test
21:09:22.179 [Test worker] INFO  d.a.lms.restAssuredTests.TestBaseRA -- ==============================
21:09:22.179 [Test worker] INFO  d.a.lms.restAssuredTests.TestBaseRA -- Start test getVideosAsTeacherWithCSVDataPositiveTest with parameters [29, back_end, 8]
21:09:22.350 [Test worker] INFO  d.a.lms.restAssuredTests.TestBaseRA -- FAILED: getVideosAsTeacherWithCSVDataPositiveTest
21:09:22.350 [Test worker] INFO  d.a.lms.restAssuredTests.TestBaseRA -- Stop test
21:09:22.350 [Test worker] INFO  d.a.lms.restAssuredTests.TestBaseRA -- ==============================
21:09:22.351 [Test worker] INFO  d.a.lms.restAssuredTests.TestBaseRA -- Start test getVideosAsTeacherWithCSVDataPositiveTest with parameters [29, back_end, 9]
21:09:22.486 [Test worker] INFO  d.a.lms.restAssuredTests.TestBaseRA -- FAILED: getVideosAsTeacherWithCSVDataPositiveTest
21:09:22.486 [Test worker] INFO  d.a.lms.restAssuredTests.TestBaseRA -- Stop test
21:09:22.486 [Test worker] INFO  d.a.lms.restAssuredTests.TestBaseRA -- ==============================
21:09:22.486 [Test worker] INFO  d.a.lms.restAssuredTests.TestBaseRA -- Start test getVideosAsTeacherWithCSVDataPositiveTest with parameters [29, back_end, 10]
21:09:22.643 [Test worker] INFO  d.a.lms.restAssuredTests.TestBaseRA -- PASSED: getVideosAsTeacherWithCSVDataPositiveTest
21:09:22.643 [Test worker] INFO  d.a.lms.restAssuredTests.TestBaseRA -- Stop test
21:09:22.643 [Test worker] INFO  d.a.lms.restAssuredTests.TestBaseRA -- ==============================
21:09:22.644 [Test worker] INFO  d.a.lms.restAssuredTests.TestBaseRA -- Start test getVideosAsTeacherWithCSVDataPositiveTest with parameters [29, back_end, 15]
21:09:22.793 [Test worker] INFO  d.a.lms.restAssuredTests.TestBaseRA -- PASSED: getVideosAsTeacherWithCSVDataPositiveTest
21:09:22.793 [Test worker] INFO  d.a.lms.restAssuredTests.TestBaseRA -- Stop test
21:09:22.793 [Test worker] INFO  d.a.lms.restAssuredTests.TestBaseRA -- ==============================
21:09:22.794 [Test worker] INFO  d.a.lms.restAssuredTests.TestBaseRA -- Start test getVideosAsTeacherWithCSVDataPositiveTest with parameters [29, back_end, 16]
21:09:23.007 [Test worker] INFO  d.a.lms.restAssuredTests.TestBaseRA -- PASSED: getVideosAsTeacherWithCSVDataPositiveTest
21:09:23.007 [Test worker] INFO  d.a.lms.restAssuredTests.TestBaseRA -- Stop test
21:09:23.007 [Test worker] INFO  d.a.lms.restAssuredTests.TestBaseRA -- ==============================
21:09:23.008 [Test worker] INFO  d.a.lms.restAssuredTests.TestBaseRA -- Start test getVideosAsTeacherWithCSVDataPositiveTest with parameters [29, back_end, 17]
21:09:23.157 [Test worker] INFO  d.a.lms.restAssuredTests.TestBaseRA -- PASSED: getVideosAsTeacherWithCSVDataPositiveTest
21:09:23.157 [Test worker] INFO  d.a.lms.restAssuredTests.TestBaseRA -- Stop test
21:09:23.157 [Test worker] INFO  d.a.lms.restAssuredTests.TestBaseRA -- ==============================
21:09:23.158 [Test worker] INFO  d.a.lms.restAssuredTests.TestBaseRA -- Start test getVideosAsTeacherWithCSVDataPositiveTest with parameters [29, back_end, 18]
21:09:23.305 [Test worker] INFO  d.a.lms.restAssuredTests.TestBaseRA -- PASSED: getVideosAsTeacherWithCSVDataPositiveTest
21:09:23.305 [Test worker] INFO  d.a.lms.restAssuredTests.TestBaseRA -- Stop test
21:09:23.305 [Test worker] INFO  d.a.lms.restAssuredTests.TestBaseRA -- ==============================
21:09:23.306 [Test worker] INFO  d.a.lms.restAssuredTests.TestBaseRA -- Start test getVideosAsTeacherWithCSVDataPositiveTest with parameters [29, back_end, 19]
21:09:23.457 [Test worker] INFO  d.a.lms.restAssuredTests.TestBaseRA -- PASSED: getVideosAsTeacherWithCSVDataPositiveTest
21:09:23.458 [Test worker] INFO  d.a.lms.restAssuredTests.TestBaseRA -- Stop test
21:09:23.458 [Test worker] INFO  d.a.lms.restAssuredTests.TestBaseRA -- ==============================
21:09:23.458 [Test worker] INFO  d.a.lms.restAssuredTests.TestBaseRA -- Start test getVideosAsTeacherWithCSVDataPositiveTest with parameters [29, qa, 5]
21:09:23.609 [Test worker] INFO  d.a.lms.restAssuredTests.TestBaseRA -- FAILED: getVideosAsTeacherWithCSVDataPositiveTest
21:09:23.609 [Test worker] INFO  d.a.lms.restAssuredTests.TestBaseRA -- Stop test
21:09:23.609 [Test worker] INFO  d.a.lms.restAssuredTests.TestBaseRA -- ==============================
]]></system-out>
  <system-err><![CDATA[]]></system-err>
</testsuite>
